#
# There is insufficient memory for the Java Runtime Environment to continue.
# Native memory allocation (mmap) failed to map 12288 bytes for committing reserved memory.
# Possible reasons:
#   The system is out of physical RAM or swap space
#   The process is running with CompressedOops enabled, and the Java Heap may be blocking the growth of the native heap
# Possible solutions:
#   Reduce memory load on the system
#   Increase physical memory or swap space
#   Check if swap backing store is full
#   Decrease Java heap size (-Xmx/-Xms)
#   Decrease number of Java threads
#   Decrease Java thread stack sizes (-Xss)
#   Set larger code cache with -XX:ReservedCodeCacheSize=
#   JVM is running with Zero Based Compressed Oops mode in which the Java heap is
#     placed in the first 32GB address space. The Java Heap base address is the
#     maximum limit for the native heap growth. Please use -XX:HeapBaseMinAddress
#     to set the Java Heap base and to place the Java Heap above 32GB virtual address.
# This output file may be truncated or incomplete.
#
#  Out of Memory Error (os_linux.cpp:2757), pid=4896, tid=0x00007fe510f5a700
#
# JRE version: OpenJDK Runtime Environment (8.0_242-b08) (build 1.8.0_242-8u242-b08-1~deb9u1-b08)
# Java VM: OpenJDK 64-Bit Server VM (25.242-b08 mixed mode linux-amd64 compressed oops)
# Failed to write core dump. Core dumps have been disabled. To enable core dumping, try "ulimit -c unlimited" before starting Java again
#

---------------  T H R E A D  ---------------

Current thread (0x00007fe5262b9000):  JavaThread "Server-Worker-7055" daemon [_thread_new, id=561, stack(0x00007fe510e5a000,0x00007fe510f5b000)]

Stack: [0x00007fe510e5a000,0x00007fe510f5b000],  sp=0x00007fe510f59b50,  free space=1022k
Native frames: (J=compiled Java code, j=interpreted, Vv=VM code, C=native code)
V  [libjvm.so+0xa7f540]
V  [libjvm.so+0x4cd76c]
V  [libjvm.so+0x8cd30c]
V  [libjvm.so+0x8c489e]
V  [libjvm.so+0x8ce897]
V  [libjvm.so+0xa20d58]
V  [libjvm.so+0xa24e8c]
V  [libjvm.so+0x8cab22]
C  [libpthread.so.0+0x74a4]  start_thread+0xc4


---------------  P R O C E S S  ---------------

Java Threads: ( => current thread )
=>0x00007fe5262b9000 JavaThread "Server-Worker-7055" daemon [_thread_new, id=561, stack(0x00007fe510e5a000,0x00007fe510f5b000)]
  0x0000564953908000 JavaThread "Async Chat Thread - #139" daemon [_thread_blocked, id=497, stack(0x00007fe4e9470000,0x00007fe4e9571000)]
  0x00007fe5262b8000 JavaThread "WorldGuard Region Chunk Table - world" [_thread_blocked, id=32512, stack(0x00007fe4eb89c000,0x00007fe4eb99d000)]
  0x00005649535bb800 JavaThread "Netty Epoll Server IO #3" daemon [_thread_in_native, id=5149, stack(0x00007fe4e9c78000,0x00007fe4e9d79000)]
  0x00007fe4f801c800 JavaThread "pool-45-thread-1" [_thread_blocked, id=5075, stack(0x00007fe4ea37d000,0x00007fe4ea47e000)]
  0x00007fe526121800 JavaThread "ProtocolLib-StructureCompiler 0" daemon [_thread_blocked, id=5070, stack(0x00007fe4e9571000,0x00007fe4e9672000)]
  0x00005649535a4000 JavaThread "Netty Epoll Server IO #2" daemon [_thread_in_native, id=5062, stack(0x00007fe4eb99d000,0x00007fe4eba9e000)]
  0x00005649535a2000 JavaThread "Netty Epoll Server IO #1" daemon [_thread_in_native, id=5061, stack(0x00007fe4eafc1000,0x00007fe4eb0c2000)]
  0x00007fe526016800 JavaThread "mysql-cj-abandoned-connection-cleanup" daemon [_thread_blocked, id=4985, stack(0x00007fe4e926e000,0x00007fe4e936f000)]
  0x00007fe525f39000 JavaThread "Craft Async Scheduler Management Thread" [_thread_blocked, id=4965, stack(0x00007fe4eabbf000,0x00007fe4eacc0000)]
  0x00007fe525f27800 JavaThread "Timer-2" daemon [_thread_blocked, id=4964, stack(0x00007fe4eb0c2000,0x00007fe4eb1c3000)]
  0x00007fe525e7a000 JavaThread "pool-46-thread-1" [_thread_blocked, id=4960, stack(0x00007fe4ea47e000,0x00007fe4ea57f000)]
  0x00007fe525d9d000 JavaThread "ExpiringMap-Expirer" daemon [_thread_blocked, id=4953, stack(0x00007fe4eacc0000,0x00007fe4eadc1000)]
  0x00007fe5259c6800 JavaThread "WorldGuard Region I/O" [_thread_blocked, id=4947, stack(0x00007fe4ebb9f000,0x00007fe4ebca0000)]
  0x00007fe525a6d000 JavaThread "Ebean-LoginSecurityDB.0" daemon [_thread_blocked, id=4945, stack(0x00007fe4ec0a0000,0x00007fe4ec1a1000)]
  0x00007fe5259e3000 JavaThread "EbeanBackgroundThread" daemon [_thread_blocked, id=4944, stack(0x00007fe4efcf8000,0x00007fe4efdf9000)]
  0x00007fe52591f800 JavaThread "Paper RegionFile IO Thread" [_thread_blocked, id=4942, stack(0x00007fe4efaf6000,0x00007fe4efbf7000)]
  0x00007fe525836000 JavaThread "Resource IO {0}" daemon [_thread_blocked, id=4941, stack(0x00007fe4ef9f5000,0x00007fe4efaf6000)]
  0x00007fe525873000 JavaThread "Timer-1" daemon [_thread_blocked, id=4926, stack(0x00007fe4ed794000,0x00007fe4ed895000)]
  0x00007fe52564f800 JavaThread "WorldEdit Session Manager" [_thread_blocked, id=4925, stack(0x00007fe4ede95000,0x00007fe4edf96000)]
  0x00007fe524f3a000 JavaThread "Netty Epoll Server IO #0" daemon [_thread_in_native, id=4923, stack(0x00007fe4eeee2000,0x00007fe4eefe3000)]
  0x00007fe524f38800 JavaThread "ObjectCleanerThread" daemon [_thread_blocked, id=4922, stack(0x00007fe4eefe3000,0x00007fe4ef0e4000)]
  0x00007fe524de6800 JavaThread "Timer-0" daemon [_thread_blocked, id=4921, stack(0x00007fe4ef4f2000,0x00007fe4ef5f3000)]
  0x00007fe524de0800 JavaThread "Paper Watchdog Thread" [_thread_blocked, id=4920, stack(0x00007fe4ef5f3000,0x00007fe4ef6f4000)]
  0x00007fe524ddb000 JavaThread "Paper Async Chunk Task Thread #0" [_thread_blocked, id=4919, stack(0x00007fe4ef6f4000,0x00007fe4ef7f5000)]
  0x00007fe524cdf800 JavaThread "Server console handler" daemon [_thread_in_native, id=4914, stack(0x00007fe4efff9000,0x00007fe4f00fa000)]
  0x00007fe52400a800 JavaThread "DestroyJavaVM" [_thread_blocked, id=4897, stack(0x00007fe52b96d000,0x00007fe52ba6d000)]
  0x00007fe524cb0800 JavaThread "Server thread" [_thread_in_vm, id=4913, stack(0x00007fe4f00fa000,0x00007fe4f01fb000)]
  0x00007fe524cd8000 JavaThread "Server Infinisleeper" daemon [_thread_blocked, id=4912, stack(0x00007fe4f01fb000,0x00007fe4f02fc000)]
  0x00007fe524cb1800 JavaThread "Snooper Timer" daemon [_thread_blocked, id=4911, stack(0x00007fe4f02fc000,0x00007fe4f03fd000)]
  0x00007fe524bab000 JavaThread "Paper Async Task Handler Thread - 0" [_thread_blocked, id=4910, stack(0x00007fe4f05fd000,0x00007fe4f06fe000)]
  0x00007fe52436d800 JavaThread "Log4j2-TF-1-AsyncLogger[AsyncContext@74a14482]-1" daemon [_thread_blocked, id=4906, stack(0x00007fe511761000,0x00007fe511862000)]
  0x00007fe5240ed000 JavaThread "Service Thread" daemon [_thread_blocked, id=4904, stack(0x00007fe512294000,0x00007fe512395000)]
  0x00007fe5240d8000 JavaThread "C1 CompilerThread1" daemon [_thread_blocked, id=4903, stack(0x00007fe512396000,0x00007fe512496000)]
  0x00007fe5240d6000 JavaThread "C2 CompilerThread0" daemon [_thread_blocked, id=4902, stack(0x00007fe512497000,0x00007fe512597000)]
  0x00007fe5240d4800 JavaThread "Signal Dispatcher" daemon [_thread_blocked, id=4901, stack(0x00007fe512597000,0x00007fe512698000)]
  0x00007fe5240a4000 JavaThread "Finalizer" daemon [_thread_blocked, id=4900, stack(0x00007fe512833000,0x00007fe512934000)]
  0x00007fe52409f800 JavaThread "Reference Handler" daemon [_thread_blocked, id=4899, stack(0x00007fe512934000,0x00007fe512a35000)]

Other Threads:
  0x00007fe524096000 VMThread [stack: 0x00007fe512a36000,0x00007fe512b36000] [id=4898]
  0x00007fe5240f0000 WatcherThread [stack: 0x00007fe512194000,0x00007fe512294000] [id=4905]

VM state:not at safepoint (normal execution)

VM Mutex/Monitor currently owned by a thread: None

heap address: 0x00000005c0000000, size: 8192 MB, Compressed Oops mode: Zero based, Oop shift amount: 3
Narrow klass base: 0x0000000000000000, Narrow klass shift: 3
Compressed class space size: 1073741824 Address: 0x00000007c0000000

Heap:
 def new generation   total 2516544K, used 558034K [0x00000005c0000000, 0x000000066aaa0000, 0x000000066aaa0000)
  eden space 2236928K,  24% used [0x00000005c0000000, 0x00000005e1609350, 0x0000000648880000)
  from space 279616K,   3% used [0x0000000659990000, 0x000000065a47b610, 0x000000066aaa0000)
  to   space 279616K,   0% used [0x0000000648880000, 0x0000000648880000, 0x0000000659990000)
 tenured generation   total 5592448K, used 4831861K [0x000000066aaa0000, 0x00000007c0000000, 0x00000007c0000000)
   the space 5592448K,  86% used [0x000000066aaa0000, 0x000000079193d5b0, 0x000000079193d600, 0x00000007c0000000)
 Metaspace       used 118932K, capacity 133467K, committed 133696K, reserved 1165312K
  class space    used 15491K, capacity 18550K, committed 18560K, reserved 1048576K

Card table byte_map: [0x00007fe513fff000,0x00007fe515000000] byte_map_base: 0x00007fe5111ff000

Polling page: 0x00007fe52ba77000

CodeCache: size=245760Kb used=100899Kb max_used=100903Kb free=144860Kb
 bounds [0x00007fe515000000, 0x00007fe51b390000, 0x00007fe524000000]
 total_blobs=27414 nmethods=26367 adapters=952
 compilation: enabled

Compilation events (10 events):
Event: 94362.002 Thread 0x00007fe5240d6000 47891       4       it.unimi.dsi.fastutil.longs.Long2ObjectOpenHashMap::realSize (21 bytes)
Event: 94362.037 Thread 0x00007fe5240d6000 nmethod 47891 0x00007fe5177cc9d0 code [0x00007fe5177ccb20, 0x00007fe5177ccb98]
Event: 94370.243 Thread 0x00007fe5240d6000 47892       4       org.yaml.snakeyaml.emitter.Emitter::expectNode (224 bytes)
Event: 94370.355 Thread 0x00007fe5240d6000 nmethod 47892 0x00007fe5198c2d10 code [0x00007fe5198c2fa0, 0x00007fe5198c3c30]
Event: 94374.691 Thread 0x00007fe5240d6000 47893       4       net.minecraft.server.v1_15_R1.EntityLiving::dl (70 bytes)
Event: 94374.751 Thread 0x00007fe5240d6000 nmethod 47893 0x00007fe51a631a10 code [0x00007fe51a631bc0, 0x00007fe51a631f88]
Event: 94384.417 Thread 0x00007fe5240d6000 47894  s!   4       me.starchaser.karenprotect.WGRegionEvents.WGRegionEventsListener::updateRegions (512 bytes)
Event: 94390.131 Thread 0x00007fe5240d6000 nmethod 47894 0x00007fe51b29ef90 code [0x00007fe51b29f400, 0x00007fe51b2a2b20]
Event: 94390.320 Thread 0x00007fe5240d8000 47895  s!   3       me.starchaser.karenprotect.WGRegionEvents.WGRegionEventsListener::updateRegions (512 bytes)
Event: 94390.338 Thread 0x00007fe5240d8000 nmethod 47895 0x00007fe51b2766d0 code [0x00007fe51b276ee0, 0x00007fe51b27c460]

GC Heap History (10 events):
Event: 94329.203 GC heap before
{Heap before GC invocations=2710 (full 4):
 def new generation   total 2516544K, used 2257002K [0x00000005c0000000, 0x000000066aaa0000, 0x000000066aaa0000)
  eden space 2236928K, 100% used [0x00000005c0000000, 0x0000000648880000, 0x0000000648880000)
  from space 279616K,   7% used [0x0000000648880000, 0x0000000649c1aa80, 0x0000000659990000)
  to   space 279616K,   0% used [0x0000000659990000, 0x0000000659990000, 0x000000066aaa0000)
 tenured generation   total 5592448K, used 4825216K [0x000000066aaa0000, 0x00000007c0000000, 0x00000007c0000000)
   the space 5592448K,  86% used [0x000000066aaa0000, 0x00000007912c02e8, 0x00000007912c0400, 0x00000007c0000000)
 Metaspace       used 118932K, capacity 133467K, committed 133696K, reserved 1165312K
  class space    used 15491K, capacity 18550K, committed 18560K, reserved 1048576K
Event: 94329.247 GC heap after
Heap after GC invocations=2711 (full 4):
 def new generation   total 2516544K, used 20566K [0x00000005c0000000, 0x000000066aaa0000, 0x000000066aaa0000)
  eden space 2236928K,   0% used [0x00000005c0000000, 0x00000005c0000000, 0x0000000648880000)
  from space 279616K,   7% used [0x0000000659990000, 0x000000065ada5a90, 0x000000066aaa0000)
  to   space 279616K,   0% used [0x0000000648880000, 0x0000000648880000, 0x0000000659990000)
 tenured generation   total 5592448K, used 4825388K [0x000000066aaa0000, 0x00000007c0000000, 0x00000007c0000000)
   the space 5592448K,  86% used [0x000000066aaa0000, 0x00000007912eb200, 0x00000007912eb200, 0x00000007c0000000)
 Metaspace       used 118932K, capacity 133467K, committed 133696K, reserved 1165312K
  class space    used 15491K, capacity 18550K, committed 18560K, reserved 1048576K
}
Event: 94341.306 GC heap before
{Heap before GC invocations=2711 (full 4):
 def new generation   total 2516544K, used 2257494K [0x00000005c0000000, 0x000000066aaa0000, 0x000000066aaa0000)
  eden space 2236928K, 100% used [0x00000005c0000000, 0x0000000648880000, 0x0000000648880000)
  from space 279616K,   7% used [0x0000000659990000, 0x000000065ada5a90, 0x000000066aaa0000)
  to   space 279616K,   0% used [0x0000000648880000, 0x0000000648880000, 0x0000000659990000)
 tenured generation   total 5592448K, used 4825388K [0x000000066aaa0000, 0x00000007c0000000, 0x00000007c0000000)
   the space 5592448K,  86% used [0x000000066aaa0000, 0x00000007912eb200, 0x00000007912eb200, 0x00000007c0000000)
 Metaspace       used 118932K, capacity 133467K, committed 133696K, reserved 1165312K
  class space    used 15491K, capacity 18550K, committed 18560K, reserved 1048576K
Event: 94341.363 GC heap after
Heap after GC invocations=2712 (full 4):
 def new generation   total 2516544K, used 20462K [0x00000005c0000000, 0x000000066aaa0000, 0x000000066aaa0000)
  eden space 2236928K,   0% used [0x00000005c0000000, 0x00000005c0000000, 0x0000000648880000)
  from space 279616K,   7% used [0x0000000648880000, 0x0000000649c7ba88, 0x0000000659990000)
  to   space 279616K,   0% used [0x0000000659990000, 0x0000000659990000, 0x000000066aaa0000)
 tenured generation   total 5592448K, used 4825677K [0x000000066aaa0000, 0x00000007c0000000, 0x00000007c0000000)
   the space 5592448K,  86% used [0x000000066aaa0000, 0x0000000791333798, 0x0000000791333800, 0x00000007c0000000)
 Metaspace       used 118932K, capacity 133467K, committed 133696K, reserved 1165312K
  class space    used 15491K, capacity 18550K, committed 18560K, reserved 1048576K
}
Event: 94353.606 GC heap before
{Heap before GC invocations=2712 (full 4):
 def new generation   total 2516544K, used 2257390K [0x00000005c0000000, 0x000000066aaa0000, 0x000000066aaa0000)
  eden space 2236928K, 100% used [0x00000005c0000000, 0x0000000648880000, 0x0000000648880000)
  from space 279616K,   7% used [0x0000000648880000, 0x0000000649c7ba88, 0x0000000659990000)
  to   space 279616K,   0% used [0x0000000659990000, 0x0000000659990000, 0x000000066aaa0000)
 tenured generation   total 5592448K, used 4825677K [0x000000066aaa0000, 0x00000007c0000000, 0x00000007c0000000)
   the space 5592448K,  86% used [0x000000066aaa0000, 0x0000000791333798, 0x0000000791333800, 0x00000007c0000000)
 Metaspace       used 118932K, capacity 133467K, committed 133696K, reserved 1165312K
  class space    used 15491K, capacity 18550K, committed 18560K, reserved 1048576K
Event: 94353.659 GC heap after
Heap after GC invocations=2713 (full 4):
 def new generation   total 2516544K, used 19849K [0x00000005c0000000, 0x000000066aaa0000, 0x000000066aaa0000)
  eden space 2236928K,   0% used [0x00000005c0000000, 0x00000005c0000000, 0x0000000648880000)
  from space 279616K,   7% used [0x0000000659990000, 0x000000065acf26a8, 0x000000066aaa0000)
  to   space 279616K,   0% used [0x0000000648880000, 0x0000000648880000, 0x0000000659990000)
 tenured generation   total 5592448K, used 4825927K [0x000000066aaa0000, 0x00000007c0000000, 0x00000007c0000000)
   the space 5592448K,  86% used [0x000000066aaa0000, 0x0000000791371da0, 0x0000000791371e00, 0x00000007c0000000)
 Metaspace       used 118932K, capacity 133467K, committed 133696K, reserved 1165312K
  class space    used 15491K, capacity 18550K, committed 18560K, reserved 1048576K
}
Event: 94366.527 GC heap before
{Heap before GC invocations=2713 (full 4):
 def new generation   total 2516544K, used 2256777K [0x00000005c0000000, 0x000000066aaa0000, 0x000000066aaa0000)
  eden space 2236928K, 100% used [0x00000005c0000000, 0x0000000648880000, 0x0000000648880000)
  from space 279616K,   7% used [0x0000000659990000, 0x000000065acf26a8, 0x000000066aaa0000)
  to   space 279616K,   0% used [0x0000000648880000, 0x0000000648880000, 0x0000000659990000)
 tenured generation   total 5592448K, used 4825927K [0x000000066aaa0000, 0x00000007c0000000, 0x00000007c0000000)
   the space 5592448K,  86% used [0x000000066aaa0000, 0x0000000791371da0, 0x0000000791371e00, 0x00000007c0000000)
 Metaspace       used 118932K, capacity 133467K, committed 133696K, reserved 1165312K
  class space    used 15491K, capacity 18550K, committed 18560K, reserved 1048576K
Event: 94366.576 GC heap after
Heap after GC invocations=2714 (full 4):
 def new generation   total 2516544K, used 19158K [0x00000005c0000000, 0x000000066aaa0000, 0x000000066aaa0000)
  eden space 2236928K,   0% used [0x00000005c0000000, 0x00000005c0000000, 0x0000000648880000)
  from space 279616K,   6% used [0x0000000648880000, 0x0000000649b35958, 0x0000000659990000)
  to   space 279616K,   0% used [0x0000000659990000, 0x0000000659990000, 0x000000066aaa0000)
 tenured generation   total 5592448K, used 4826120K [0x000000066aaa0000, 0x00000007c0000000, 0x00000007c0000000)
   the space 5592448K,  86% used [0x000000066aaa0000, 0x00000007913a2300, 0x00000007913a2400, 0x00000007c0000000)
 Metaspace       used 118932K, capacity 133467K, committed 133696K, reserved 1165312K
  class space    used 15491K, capacity 18550K, committed 18560K, reserved 1048576K
}
Event: 94383.916 GC heap before
{Heap before GC invocations=2714 (full 4):
 def new generation   total 2516544K, used 2256086K [0x00000005c0000000, 0x000000066aaa0000, 0x000000066aaa0000)
  eden space 2236928K, 100% used [0x00000005c0000000, 0x0000000648880000, 0x0000000648880000)
  from space 279616K,   6% used [0x0000000648880000, 0x0000000649b35958, 0x0000000659990000)
  to   space 279616K,   0% used [0x0000000659990000, 0x0000000659990000, 0x000000066aaa0000)
 tenured generation   total 5592448K, used 4826120K [0x000000066aaa0000, 0x00000007c0000000, 0x00000007c0000000)
   the space 5592448K,  86% used [0x000000066aaa0000, 0x00000007913a2300, 0x00000007913a2400, 0x00000007c0000000)
 Metaspace       used 118932K, capacity 133467K, committed 133696K, reserved 1165312K
  class space    used 15491K, capacity 18550K, committed 18560K, reserved 1048576K
Event: 94383.998 GC heap after
Heap after GC invocations=2715 (full 4):
 def new generation   total 2516544K, used 11181K [0x00000005c0000000, 0x000000066aaa0000, 0x000000066aaa0000)
  eden space 2236928K,   0% used [0x00000005c0000000, 0x00000005c0000000, 0x0000000648880000)
  from space 279616K,   3% used [0x0000000659990000, 0x000000065a47b610, 0x000000066aaa0000)
  to   space 279616K,   0% used [0x0000000648880000, 0x0000000648880000, 0x0000000659990000)
 tenured generation   total 5592448K, used 4831861K [0x000000066aaa0000, 0x00000007c0000000, 0x00000007c0000000)
   the space 5592448K,  86% used [0x000000066aaa0000, 0x000000079193d5b0, 0x000000079193d600, 0x00000007c0000000)
 Metaspace       used 118932K, capacity 133467K, committed 133696K, reserved 1165312K
  class space    used 15491K, capacity 18550K, committed 18560K, reserved 1048576K
}

Deoptimization events (10 events):
Event: 94309.322 Thread 0x00005649535a2000 Uncommon trap: reason=class_check action=maybe_recompile pc=0x00007fe51655b0b8 method=io.netty.buffer.AbstractByteBuf.writeBytes(Lio/netty/buffer/ByteBuf;II)Lio/netty/buffer/ByteBuf; @ 2
Event: 94309.335 Thread 0x00007fe524cb0800 Uncommon trap: reason=bimorphic action=maybe_recompile pc=0x00007fe518d99218 method=net.minecraft.server.v1_15_R1.PacketDataSerializer.readableBytes()I @ 4
Event: 94309.335 Thread 0x00007fe524cb0800 Uncommon trap: reason=speculate_class_check action=maybe_recompile pc=0x00007fe5191c56bc method=io.netty.buffer.AbstractByteBuf.checkIndex0(II)V @ 3
Event: 94309.335 Thread 0x00007fe524cb0800 Uncommon trap: reason=bimorphic action=maybe_recompile pc=0x00007fe517bb8ab0 method=io.netty.buffer.AbstractReferenceCountedByteBuf.release0(I)Z @ 16
Event: 94319.320 Thread 0x00007fe524cb0800 Uncommon trap: reason=unstable_if action=reinterpret pc=0x00007fe516a7f838 method=net.minecraft.server.v1_15_R1.EntityCreature.a(Lnet/minecraft/server/v1_15_R1/GeneratorAccess;Lnet/minecraft/server/v1_15_R1/EnumMobSpawn;)Z @ 15
Event: 94319.324 Thread 0x00007fe524cb0800 Uncommon trap: reason=unstable_if action=reinterpret pc=0x00007fe51aae98e8 method=net.minecraft.server.v1_15_R1.SpawnerCreature.spawnMobs(Lnet/minecraft/server/v1_15_R1/EnumCreatureType;Lnet/minecraft/server/v1_15_R1/WorldServer;Lnet/minecraft/server/v1_1
Event: 94324.430 Thread 0x00007fe524cb0800 Uncommon trap: reason=unstable_if action=reinterpret pc=0x00007fe5176c1038 method=net.minecraft.server.v1_15_R1.PathfinderGoalGotoTarget.b()Z @ 9
Event: 94385.387 Thread 0x00007fe524cb0800 Uncommon trap: reason=class_check action=maybe_recompile pc=0x00007fe518f699e0 method=net.minecraft.server.v1_15_R1.WorldServer.a(Lnet/minecraft/server/v1_15_R1/BlockPosition;Lnet/minecraft/server/v1_15_R1/IBlockData;Lnet/minecraft/server/v1_15_R1/IBlockD
Event: 94386.786 Thread 0x00007fe524cb0800 Uncommon trap: reason=unstable_if action=reinterpret pc=0x00007fe5174599bc method=net.minecraft.server.v1_15_R1.MinecraftServer.canExecute(Lnet/minecraft/server/v1_15_R1/TickTask;)Z @ 10
Event: 94390.192 Thread 0x00007fe524cb0800 Uncommon trap: reason=unloaded action=reinterpret pc=0x00007fe51b2a07bc method=me.starchaser.karenprotect.WGRegionEvents.WGRegionEventsListener.updateRegions(Lorg/bukkit/entity/Player;Lme/starchaser/karenprotect/WGRegionEvents/MovementWay;Lorg/bukkit/Loca

Classes redefined (0 events):
No events

Internal exceptions (10 events):
Event: 94394.022 Thread 0x00007fe524cb0800 Exception <a 'java/lang/NoClassDefFoundError': com/sk89q/worldedit/Vector> (0x00000005df1ad280) thrown at [/build/openjdk-8-8u242-b08/src/hotspot/src/share/vm/oops/constantPool.cpp, line 245]
Event: 94394.342 Thread 0x00007fe524cb0800 Exception <a 'java/lang/NoClassDefFoundError': com/sk89q/worldedit/Vector> (0x00000005df1cc9d0) thrown at [/build/openjdk-8-8u242-b08/src/hotspot/src/share/vm/oops/constantPool.cpp, line 245]
Event: 94394.723 Thread 0x00007fe524cb0800 Exception <a 'java/lang/NoClassDefFoundError': com/sk89q/worldedit/Vector> (0x00000005df678618) thrown at [/build/openjdk-8-8u242-b08/src/hotspot/src/share/vm/oops/constantPool.cpp, line 245]
Event: 94394.780 Thread 0x0000564953908000 Exception <a 'java/io/FileNotFoundException'> (0x00000005e15c37a0) thrown at [/build/openjdk-8-8u242-b08/src/hotspot/src/share/vm/prims/jni.cpp, line 710]
Event: 94394.835 Thread 0x00007fe524cb0800 Exception <a 'java/lang/NoClassDefFoundError': com/sk89q/worldedit/Vector> (0x00000005df6977c8) thrown at [/build/openjdk-8-8u242-b08/src/hotspot/src/share/vm/oops/constantPool.cpp, line 245]
Event: 94394.835 Thread 0x00007fe524cb0800 Exception <a 'java/lang/NoClassDefFoundError': com/sk89q/worldedit/Vector> (0x00000005df6b6a88) thrown at [/build/openjdk-8-8u242-b08/src/hotspot/src/share/vm/oops/constantPool.cpp, line 245]
Event: 94394.835 Thread 0x00007fe524cb0800 Exception <a 'java/lang/NoClassDefFoundError': com/sk89q/worldedit/Vector> (0x00000005df6d5d48) thrown at [/build/openjdk-8-8u242-b08/src/hotspot/src/share/vm/oops/constantPool.cpp, line 245]
Event: 94394.871 Thread 0x00007fe524cb0800 Exception <a 'java/lang/NoClassDefFoundError': com/sk89q/worldedit/Vector> (0x00000005df714850) thrown at [/build/openjdk-8-8u242-b08/src/hotspot/src/share/vm/oops/constantPool.cpp, line 245]
Event: 94394.872 Thread 0x00007fe524cb0800 Exception <a 'java/lang/NoClassDefFoundError': com/sk89q/worldedit/Vector> (0x00000005df735d48) thrown at [/build/openjdk-8-8u242-b08/src/hotspot/src/share/vm/oops/constantPool.cpp, line 245]
Event: 94394.872 Thread 0x00007fe524cb0800 Exception <a 'java/lang/NoClassDefFoundError': com/sk89q/worldedit/Vector> (0x00000005df78e080) thrown at [/build/openjdk-8-8u242-b08/src/hotspot/src/share/vm/oops/constantPool.cpp, line 245]

Events (10 events):
Event: 94386.894 Thread 0x00007fe524cb0800 DEOPT PACKING pc=0x00007fe5174599bc sp=0x00007fe4f01f98c0
Event: 94386.947 Thread 0x00007fe524cb0800 DEOPT UNPACKING pc=0x00007fe51504547a sp=0x00007fe4f01f9810 mode 2
Event: 94386.964 Executing VM operation: RevokeBias
Event: 94387.098 Executing VM operation: RevokeBias done
Event: 94387.115 Thread 0x00007fe4fc054000 Thread exited: 0x00007fe4fc054000
Event: 94390.170 Thread 0x00007fe524cb0800 Uncommon trap: trap_request=0x00000030 fr.pc=0x00007fe51b2a07bc
Event: 94390.195 Thread 0x00007fe524cb0800 DEOPT PACKING pc=0x00007fe51b2a07bc sp=0x00007fe4f01f9520
Event: 94390.215 Thread 0x00007fe524cb0800 DEOPT UNPACKING pc=0x00007fe51504547a sp=0x00007fe4f01f9518 mode 2
Event: 94390.340 Thread 0x00007fe5240d8000 flushing nmethod 0x00007fe516787b10
Event: 94395.063 Thread 0x00007fe5262b9000 Thread added: 0x00007fe5262b9000


Dynamic libraries:
5c0000000-7c1220000 rw-p 00000000 00:00 0 
7c1220000-800000000 ---p 00000000 00:00 0 
564951f90000-564951f91000 r-xp 00000000 08:01 544656                     /usr/lib/jvm/java-8-openjdk-amd64/jre/bin/java
564952190000-564952191000 r--p 00000000 08:01 544656                     /usr/lib/jvm/java-8-openjdk-amd64/jre/bin/java
564952191000-564952192000 rw-p 00001000 08:01 544656                     /usr/lib/jvm/java-8-openjdk-amd64/jre/bin/java
564953549000-564953a7b000 rw-p 00000000 00:00 0                          [heap]
7fe4e0000000-7fe4e12fa000 rw-p 00000000 00:00 0 
7fe4e12fa000-7fe4e4000000 ---p 00000000 00:00 0 
7fe4e556b000-7fe4e55eb000 rw-p 00000000 00:00 0 
7fe4e55eb000-7fe4e576b000 ---p 00000000 00:00 0 
7fe4e576b000-7fe4e596b000 rw-p 00000000 00:00 0 
7fe4e596b000-7fe4e5b6b000 rw-p 00000000 00:00 0 
7fe4e5b6b000-7fe4e5d6b000 rw-p 00000000 00:00 0 
7fe4e5d6b000-7fe4e5f6b000 rw-p 00000000 00:00 0 
7fe4e5f6b000-7fe4e616b000 rw-p 00000000 00:00 0 
7fe4e616b000-7fe4e636b000 rw-p 00000000 00:00 0 
7fe4e636b000-7fe4e656b000 rw-p 00000000 00:00 0 
7fe4e656b000-7fe4e676b000 rw-p 00000000 00:00 0 
7fe4e676b000-7fe4e696b000 rw-p 00000000 00:00 0 
7fe4e696b000-7fe4e896d000 rw-p 00000000 00:00 0 
7fe4e896d000-7fe4e8b6d000 rw-p 00000000 00:00 0 
7fe4e8b6d000-7fe4e8d6d000 rw-p 00000000 00:00 0 
7fe4e8d6d000-7fe4e8f6d000 rw-p 00000000 00:00 0 
7fe4e8f6d000-7fe4e916d000 rw-p 00000000 00:00 0 
7fe4e916d000-7fe4e9170000 ---p 00000000 00:00 0 
7fe4e9170000-7fe4e926e000 rw-p 00000000 00:00 0 
7fe4e926e000-7fe4e9271000 ---p 00000000 00:00 0 
7fe4e9271000-7fe4e936f000 rw-p 00000000 00:00 0 
7fe4e936f000-7fe4e9372000 ---p 00000000 00:00 0 
7fe4e9372000-7fe4e9470000 rw-p 00000000 00:00 0 
7fe4e9470000-7fe4e9473000 ---p 00000000 00:00 0 
7fe4e9473000-7fe4e9571000 rw-p 00000000 00:00 0 
7fe4e9571000-7fe4e9574000 ---p 00000000 00:00 0 
7fe4e9574000-7fe4e9672000 rw-p 00000000 00:00 0 
7fe4e9672000-7fe4e9675000 ---p 00000000 00:00 0 
7fe4e9675000-7fe4e9773000 rw-p 00000000 00:00 0 
7fe4e9773000-7fe4e9776000 ---p 00000000 00:00 0 
7fe4e9776000-7fe4e9874000 rw-p 00000000 00:00 0 
7fe4e9874000-7fe4e9877000 ---p 00000000 00:00 0 
7fe4e9877000-7fe4e9975000 rw-p 00000000 00:00 0 
7fe4e9975000-7fe4e9978000 ---p 00000000 00:00 0 
7fe4e9978000-7fe4e9a76000 rw-p 00000000 00:00 0 
7fe4e9a76000-7fe4e9a79000 ---p 00000000 00:00 0 
7fe4e9a79000-7fe4e9b77000 rw-p 00000000 00:00 0 
7fe4e9b77000-7fe4e9b7a000 ---p 00000000 00:00 0 
7fe4e9b7a000-7fe4e9c78000 rw-p 00000000 00:00 0 
7fe4e9c78000-7fe4e9c7b000 ---p 00000000 00:00 0 
7fe4e9c7b000-7fe4e9d79000 rw-p 00000000 00:00 0 
7fe4e9d79000-7fe4e9d7c000 ---p 00000000 00:00 0 
7fe4e9d7c000-7fe4e9e7a000 rw-p 00000000 00:00 0 
7fe4e9e7a000-7fe4e9e7d000 ---p 00000000 00:00 0 
7fe4e9e7d000-7fe4e9f7b000 rw-p 00000000 00:00 0 
7fe4e9f7b000-7fe4e9f7e000 ---p 00000000 00:00 0 
7fe4e9f7e000-7fe4ea07c000 rw-p 00000000 00:00 0 
7fe4ea07c000-7fe4ea07f000 ---p 00000000 00:00 0 
7fe4ea07f000-7fe4ea17d000 rw-p 00000000 00:00 0 
7fe4ea17d000-7fe4ea37d000 rw-p 00000000 00:00 0 
7fe4ea37d000-7fe4ea380000 ---p 00000000 00:00 0 
7fe4ea380000-7fe4ea47e000 rw-p 00000000 00:00 0 
7fe4ea47e000-7fe4ea481000 ---p 00000000 00:00 0 
7fe4ea481000-7fe4ea57f000 rw-p 00000000 00:00 0 
7fe4ea57f000-7fe4ea77f000 rw-p 00000000 00:00 0 
7fe4ea77f000-7fe4ea792000 r--s 00346000 08:01 544760                     /usr/lib/jvm/java-8-openjdk-amd64/jre/lib/resources.jar
7fe4ea792000-7fe4ea98c000 rw-p 00000000 00:00 0 
7fe4ea98c000-7fe4ea992000 ---p 00000000 00:00 0 
7fe4ea992000-7fe4ea9bb000 r-xp 00000000 08:01 544721                     /usr/lib/jvm/java-8-openjdk-amd64/jre/lib/amd64/libsunec.so
7fe4ea9bb000-7fe4eabba000 ---p 00029000 08:01 544721                     /usr/lib/jvm/java-8-openjdk-amd64/jre/lib/amd64/libsunec.so
7fe4eabba000-7fe4eabbe000 r--p 00028000 08:01 544721                     /usr/lib/jvm/java-8-openjdk-amd64/jre/lib/amd64/libsunec.so
7fe4eabbe000-7fe4eabbf000 rw-p 0002c000 08:01 544721                     /usr/lib/jvm/java-8-openjdk-amd64/jre/lib/amd64/libsunec.so
7fe4eabbf000-7fe4eabc2000 ---p 00000000 00:00 0 
7fe4eabc2000-7fe4eacc0000 rw-p 00000000 00:00 0 
7fe4eacc0000-7fe4eacc3000 ---p 00000000 00:00 0 
7fe4eacc3000-7fe4eadc1000 rw-p 00000000 00:00 0 
7fe4eadc1000-7fe4eafc1000 rw-p 00000000 00:00 0 
7fe4eafc1000-7fe4eafc4000 ---p 00000000 00:00 0 
7fe4eafc4000-7fe4eb0c2000 rw-p 00000000 00:00 0 
7fe4eb0c2000-7fe4eb0c5000 ---p 00000000 00:00 0 
7fe4eb0c5000-7fe4eb1c3000 rw-p 00000000 00:00 0 
7fe4eb1c3000-7fe4eb3c3000 rw-p 00000000 00:00 0 
7fe4eb3c3000-7fe4eb3ca000 r-xp 00000000 08:01 544688                     /usr/lib/jvm/java-8-openjdk-amd64/jre/lib/amd64/libawt_headless.so
7fe4eb3ca000-7fe4eb5c9000 ---p 00007000 08:01 544688                     /usr/lib/jvm/java-8-openjdk-amd64/jre/lib/amd64/libawt_headless.so
7fe4eb5c9000-7fe4eb5ca000 r--p 00006000 08:01 544688                     /usr/lib/jvm/java-8-openjdk-amd64/jre/lib/amd64/libawt_headless.so
7fe4eb5ca000-7fe4eb5cb000 rw-p 00007000 08:01 544688                     /usr/lib/jvm/java-8-openjdk-amd64/jre/lib/amd64/libawt_headless.so
7fe4eb5cb000-7fe4eb66b000 r-xp 00000000 08:01 544686                     /usr/lib/jvm/java-8-openjdk-amd64/jre/lib/amd64/libawt.so
7fe4eb66b000-7fe4eb86b000 ---p 000a0000 08:01 544686                     /usr/lib/jvm/java-8-openjdk-amd64/jre/lib/amd64/libawt.so
7fe4eb86b000-7fe4eb86c000 r--p 000a0000 08:01 544686                     /usr/lib/jvm/java-8-openjdk-amd64/jre/lib/amd64/libawt.so
7fe4eb86c000-7fe4eb877000 rw-p 000a1000 08:01 544686                     /usr/lib/jvm/java-8-openjdk-amd64/jre/lib/amd64/libawt.so
7fe4eb877000-7fe4eb89c000 rw-p 00000000 00:00 0 
7fe4eb89c000-7fe4eb89f000 ---p 00000000 00:00 0 
7fe4eb89f000-7fe4eb99d000 rw-p 00000000 00:00 0 
7fe4eb99d000-7fe4eb9a0000 ---p 00000000 00:00 0 
7fe4eb9a0000-7fe4eba9e000 rw-p 00000000 00:00 0 
7fe4eba9e000-7fe4ebaa1000 ---p 00000000 00:00 0 
7fe4ebaa1000-7fe4ebb9f000 rw-p 00000000 00:00 0 
7fe4ebb9f000-7fe4ebba2000 ---p 00000000 00:00 0 
7fe4ebba2000-7fe4ebca0000 rw-p 00000000 00:00 0 
7fe4ebca0000-7fe4ebea0000 rw-p 00000000 00:00 0 
7fe4ebea0000-7fe4ec0a0000 rw-p 00000000 00:00 0 
7fe4ec0a0000-7fe4ec0a3000 ---p 00000000 00:00 0 
7fe4ec0a3000-7fe4ec1a1000 rw-p 00000000 00:00 0 
7fe4ec1a1000-7fe4ec276000 r-xp 00000000 08:01 547853                     /tmp/sqlite-3.30.1-8693bfb4-0cee-455e-adf0-deceef864f2d-libsqlitejdbc.so
7fe4ec276000-7fe4ec475000 ---p 000d5000 08:01 547853                     /tmp/sqlite-3.30.1-8693bfb4-0cee-455e-adf0-deceef864f2d-libsqlitejdbc.so
7fe4ec475000-7fe4ec47c000 rw-p 000d4000 08:01 547853                     /tmp/sqlite-3.30.1-8693bfb4-0cee-455e-adf0-deceef864f2d-libsqlitejdbc.so
7fe4ec47c000-7fe4ec67c000 rw-p 00000000 00:00 0 
7fe4ec67c000-7fe4ec690000 r-xp 00000000 08:01 131508                     /lib/x86_64-linux-gnu/libresolv-2.24.so
7fe4ec690000-7fe4ec88f000 ---p 00014000 08:01 131508                     /lib/x86_64-linux-gnu/libresolv-2.24.so
7fe4ec88f000-7fe4ec890000 r--p 00013000 08:01 131508                     /lib/x86_64-linux-gnu/libresolv-2.24.so
7fe4ec890000-7fe4ec891000 rw-p 00014000 08:01 131508                     /lib/x86_64-linux-gnu/libresolv-2.24.so
7fe4ec891000-7fe4ec893000 rw-p 00000000 00:00 0 
7fe4ec893000-7fe4ec898000 r-xp 00000000 08:01 131217                     /lib/x86_64-linux-gnu/libnss_dns-2.24.so
7fe4ec898000-7fe4eca97000 ---p 00005000 08:01 131217                     /lib/x86_64-linux-gnu/libnss_dns-2.24.so
7fe4eca97000-7fe4eca98000 r--p 00004000 08:01 131217                     /lib/x86_64-linux-gnu/libnss_dns-2.24.so
7fe4eca98000-7fe4eca99000 rw-p 00005000 08:01 131217                     /lib/x86_64-linux-gnu/libnss_dns-2.24.so
7fe4ecaa0000-7fe4ecca0000 rw-p 00000000 00:00 0 
7fe4ecca0000-7fe4ecea0000 rw-p 00000000 00:00 0 
7fe4ecea0000-7fe4ed0a0000 rw-p 00000000 00:00 0 
7fe4ed0a0000-7fe4ed2a0000 rw-p 00000000 00:00 0 
7fe4ed2a0000-7fe4ed2a2000 r--s 00001000 08:01 18925                      /home/Server/world/datapacks/terracotta rotation wrench v1.0.1.zip
7fe4ed2a2000-7fe4ed2a4000 r--s 00000000 08:01 18926                      /home/Server/world/datapacks/silence mobs v1.0.0.zip
7fe4ed2a4000-7fe4ed2a6000 r--s 00001000 08:01 18924                      /home/Server/world/datapacks/nether portal coords v1.0.0.zip
7fe4ed2a6000-7fe4ed2a8000 r--s 00001000 08:01 18927                      /home/Server/world/datapacks/multiplayer sleep v1.0.1.zip
7fe4ed2a8000-7fe4ed2af000 r--s 00012000 08:01 18928                      /home/Server/world/datapacks/more mob heads v2.1.0.zip
7fe4ed2af000-7fe4ed2b0000 r--s 00000000 08:01 18929                      /home/Server/world/datapacks/dragon drops elytra v1.0.2.zip
7fe4ed2b0000-7fe4ed2b2000 r--s 00000000 08:01 18930                      /home/Server/world/datapacks/double shulker shells v1.0.3.zip
7fe4ed2b2000-7fe4ed2b4000 r--s 00001000 08:01 18923                      /home/Server/world/datapacks/coordinates hud v1.1.1.zip
7fe4ed2b4000-7fe4ed594000 rw-p 00000000 00:00 0 
7fe4ed594000-7fe4ed794000 rw-p 00000000 00:00 0 
7fe4ed794000-7fe4ed797000 ---p 00000000 00:00 0 
7fe4ed797000-7fe4ed895000 rw-p 00000000 00:00 0 
7fe4ed895000-7fe4eda95000 rw-p 00000000 00:00 0 
7fe4eda95000-7fe4edc95000 rw-p 00000000 00:00 0 
7fe4edc95000-7fe4ede95000 rw-p 00000000 00:00 0 
7fe4ede95000-7fe4ede98000 ---p 00000000 00:00 0 
7fe4ede98000-7fe4edf96000 rw-p 00000000 00:00 0 
7fe4edf96000-7fe4ee196000 rw-p 00000000 00:00 0 
7fe4ee196000-7fe4ee396000 rw-p 00000000 00:00 0 
7fe4ee396000-7fe4ee39a000 r--s 00022000 08:01 547704                     /home/Server/plugins/PvPManager.jar
7fe4ee39a000-7fe4ee39b000 r--s 00003000 08:01 542741                     /home/Server/plugins/EssentialsXSpawn-2.17.1.0.jar
7fe4ee39b000-7fe4ee39f000 r--s 00022000 08:01 547704                     /home/Server/plugins/PvPManager.jar
7fe4ee39f000-7fe4ee3a3000 r--s 00074000 08:01 550478                     /home/Server/plugins/RandomTeleport-7.9.2.jar
7fe4ee3a3000-7fe4ee3a4000 r--s 00003000 08:01 542741                     /home/Server/plugins/EssentialsXSpawn-2.17.1.0.jar
7fe4ee3a4000-7fe4ee3a6000 r--s 00003000 08:01 542735                     /home/Server/plugins/EssentialsXAntiBuild-2.17.1.0.jar
7fe4ee3a6000-7fe4ee3aa000 r--s 00074000 08:01 550478                     /home/Server/plugins/RandomTeleport-7.9.2.jar
7fe4ee3aa000-7fe4ee3ac000 r--s 00002000 08:01 542736                     /home/Server/plugins/EssentialsXChat-2.17.1.0.jar
7fe4ee3ac000-7fe4ee3ae000 r--s 00003000 08:01 542735                     /home/Server/plugins/EssentialsXAntiBuild-2.17.1.0.jar
7fe4ee3ae000-7fe4ee3af000 r--s 00004000 08:01 542740                     /home/Server/plugins/EssentialsXProtect-2.17.1.0.jar
7fe4ee3af000-7fe4ee3b1000 r--s 00002000 08:01 542736                     /home/Server/plugins/EssentialsXChat-2.17.1.0.jar
7fe4ee3b1000-7fe4ee3b6000 r--s 00025000 08:01 542681                     /home/Server/plugins/ChestCommands+v3.2.0.jar
7fe4ee3b6000-7fe4ee3b7000 r--s 00004000 08:01 542740                     /home/Server/plugins/EssentialsXProtect-2.17.1.0.jar
7fe4ee3b7000-7fe4ee3b9000 r--s 00014000 08:01 548919                     /home/Server/plugins/LockettePro-2.9.10.jar
7fe4ee3b9000-7fe4ee3be000 r--s 00025000 08:01 542681                     /home/Server/plugins/ChestCommands+v3.2.0.jar
7fe4ee3be000-7fe4ee3c5000 r--s 0004b000 08:01 542742                     /home/Server/plugins/EssentialsXXMPP-2.17.1.0.jar
7fe4ee3c5000-7fe4ee3c7000 r--s 00014000 08:01 548919                     /home/Server/plugins/LockettePro-2.9.10.jar
7fe4ee3c7000-7fe4ee3c9000 r--s 00017000 08:01 542813                     /home/Server/plugins/KarenProtect.jar
7fe4ee3c9000-7fe4ee3d0000 r--s 0004b000 08:01 542742                     /home/Server/plugins/EssentialsXXMPP-2.17.1.0.jar
7fe4ee3d0000-7fe4ee3da000 r--s 0006f000 08:01 542810                     /home/Server/plugins/HolographicDisplays.jar
7fe4ee3da000-7fe4ee3dc000 r--s 00017000 08:01 542813                     /home/Server/plugins/KarenProtect.jar
7fe4ee3dc000-7fe4ee3dd000 r--s 00005000 08:01 542661                     /home/Server/plugins/Announcer.jar
7fe4ee3dd000-7fe4ee3e7000 r--s 0006f000 08:01 542810                     /home/Server/plugins/HolographicDisplays.jar
7fe4ee3e7000-7fe4ee3f5000 r--s 00159000 08:01 542734                     /home/Server/plugins/EssentialsX-2.17.1.0.jar
7fe4ee3f5000-7fe4ee3f6000 r--s 00005000 08:01 542661                     /home/Server/plugins/Announcer.jar
7fe4ee3f6000-7fe4ee3fb000 r--s 0003e000 08:01 549017                     /home/Server/plugins/Vault.jar
7fe4ee3fb000-7fe4ee409000 r--s 00159000 08:01 542734                     /home/Server/plugins/EssentialsX-2.17.1.0.jar
7fe4ee409000-7fe4ee40a000 r--s 00002000 08:01 550470                     /home/Server/plugins/ClansChatAddon-0.0.5.jar
7fe4ee40a000-7fe4ee40f000 r--s 0003e000 08:01 549017                     /home/Server/plugins/Vault.jar
7fe4ee40f000-7fe4ee41c000 r--s 000a4000 08:01 548959                     /home/Server/plugins/PermissionsEx-1.23.4.jar
7fe4ee41c000-7fe4ee41d000 r--s 00002000 08:01 550470                     /home/Server/plugins/ClansChatAddon-0.0.5.jar
7fe4ee41d000-7fe4ee41f000 r--s 00014000 08:01 550428                     /home/Server/plugins/CraftEnhance-2.3.4.jar
7fe4ee41f000-7fe4ee42c000 r--s 000a4000 08:01 548959                     /home/Server/plugins/PermissionsEx-1.23.4.jar
7fe4ee42c000-7fe4ee42e000 r--s 0000d000 08:01 550648                     /home/Server/plugins/sleep-most.jar
7fe4ee42e000-7fe4ee430000 r--s 00014000 08:01 550428                     /home/Server/plugins/CraftEnhance-2.3.4.jar
7fe4ee430000-7fe4ee431000 r--s 0000c000 08:01 550463                     /home/Server/plugins/UberEnchant.jar
7fe4ee431000-7fe4ee433000 r--s 0000d000 08:01 550648                     /home/Server/plugins/sleep-most.jar
7fe4ee433000-7fe4ee43b000 r--s 00036000 08:01 548943                     /home/Server/plugins/MVdWPlaceholderAPI.jar
7fe4ee43b000-7fe4ee43c000 r--s 0000c000 08:01 550463                     /home/Server/plugins/UberEnchant.jar
7fe4ee43c000-7fe4ee4ab000 r--s 006fe000 08:01 548999                     /home/Server/plugins/SkinsRestorer.jar
7fe4ee4ab000-7fe4ee4b3000 r--s 00036000 08:01 548943                     /home/Server/plugins/MVdWPlaceholderAPI.jar
7fe4ee4b3000-7fe4ee4c9000 r--s 00190000 08:01 548941                     /home/Server/plugins/Multiverse-Core-2.5.jar
7fe4ee4c9000-7fe4ee538000 r--s 006fe000 08:01 548999                     /home/Server/plugins/SkinsRestorer.jar
7fe4ee538000-7fe4ee72e000 rw-p 00000000 00:00 0 
7fe4ee72e000-7fe4ee738000 ---p 00000000 00:00 0 
7fe4ee738000-7fe4ee74e000 r--s 00190000 08:01 548941                     /home/Server/plugins/Multiverse-Core-2.5.jar
7fe4ee74e000-7fe4ee768000 r--s 00156000 08:01 548975                     /home/Server/plugins/ProtocolLib.jar
7fe4ee768000-7fe4ee77f000 r--s 000f8000 08:01 549060                     /home/Server/plugins/worldguard-bukkit-7.0.2.jar
7fe4ee77f000-7fe4ee799000 r--s 00156000 08:01 548975                     /home/Server/plugins/ProtocolLib.jar
7fe4ee799000-7fe4ee7b0000 r--s 000f8000 08:01 549060                     /home/Server/plugins/worldguard-bukkit-7.0.2.jar
7fe4ee7b0000-7fe4ee7b6000 r--s 00043000 08:01 539851                     /home/Server/plugins/NametagEdit.jar
7fe4ee7b6000-7fe4ee7bc000 r--s 00043000 08:01 539851                     /home/Server/plugins/NametagEdit.jar
7fe4ee7bc000-7fe4ee82b000 r--s 00495000 08:01 548929                     /home/Server/plugins/LoginSecurity-2.1.9-Bukkit.jar
7fe4ee82b000-7fe4ee89a000 r--s 00495000 08:01 548929                     /home/Server/plugins/LoginSecurity-2.1.9-Bukkit.jar
7fe4ee89a000-7fe4eea9a000 rw-p 00000000 00:00 0 
7fe4eea9a000-7fe4eec9a000 rw-p 00000000 00:00 0 
7fe4eec9a000-7fe4eece2000 r--s 003b8000 08:01 549039                     /home/Server/plugins/worldedit-bukkit-7.1.0.jar
7fe4eece2000-7fe4eeee2000 rw-p 00000000 00:00 0 
7fe4eeee2000-7fe4eeee5000 ---p 00000000 00:00 0 
7fe4eeee5000-7fe4eefe3000 rw-p 00000000 00:00 0 
7fe4eefe3000-7fe4eefe6000 ---p 00000000 00:00 0 
7fe4eefe6000-7fe4ef0e4000 rw-p 00000000 00:00 0 
7fe4ef0e4000-7fe4ef2e4000 rw-p 00000000 00:00 0 
7fe4ef2e4000-7fe4ef2f1000 r-xp 00000000 08:01 542700                     /tmp/libnetty_transport_native_epoll_x86_645730671627756105125.so (deleted)
7fe4ef2f1000-7fe4ef4f0000 ---p 0000d000 08:01 542700                     /tmp/libnetty_transport_native_epoll_x86_645730671627756105125.so (deleted)
7fe4ef4f0000-7fe4ef4f2000 rw-p 0000c000 08:01 542700                     /tmp/libnetty_transport_native_epoll_x86_645730671627756105125.so (deleted)
7fe4ef4f2000-7fe4ef4f5000 ---p 00000000 00:00 0 
7fe4ef4f5000-7fe4ef5f3000 rw-p 00000000 00:00 0 
7fe4ef5f3000-7fe4ef5f6000 ---p 00000000 00:00 0 
7fe4ef5f6000-7fe4ef6f4000 rw-p 00000000 00:00 0 
7fe4ef6f4000-7fe4ef6f7000 ---p 00000000 00:00 0 
7fe4ef6f7000-7fe4ef7f5000 rw-p 00000000 00:00 0 
7fe4ef7f5000-7fe4ef9f5000 rw-p 00000000 00:00 0 
7fe4ef9f5000-7fe4ef9f8000 ---p 00000000 00:00 0 
7fe4ef9f8000-7fe4efaf6000 rw-p 00000000 00:00 0 
7fe4efaf6000-7fe4efaf9000 ---p 00000000 00:00 0 
7fe4efaf9000-7fe4efbf7000 rw-p 00000000 00:00 0 
7fe4efbf7000-7fe4efbfa000 ---p 00000000 00:00 0 
7fe4efbfa000-7fe4efcf8000 rw-p 00000000 00:00 0 
7fe4efcf8000-7fe4efcfb000 ---p 00000000 00:00 0 
7fe4efcfb000-7fe4efdf9000 rw-p 00000000 00:00 0 
7fe4efdf9000-7fe4efff9000 rw-p 00000000 00:00 0 
7fe4efff9000-7fe4efffc000 ---p 00000000 00:00 0 
7fe4efffc000-7fe4f00fa000 rw-p 00000000 00:00 0 
7fe4f00fa000-7fe4f00fd000 ---p 00000000 00:00 0 
7fe4f00fd000-7fe4f01fb000 rw-p 00000000 00:00 0 
7fe4f01fb000-7fe4f01fe000 ---p 00000000 00:00 0 
7fe4f01fe000-7fe4f02fc000 rw-p 00000000 00:00 0 
7fe4f02fc000-7fe4f02ff000 ---p 00000000 00:00 0 
7fe4f02ff000-7fe4f03fd000 rw-p 00000000 00:00 0 
7fe4f03fd000-7fe4f05fd000 rw-p 00000000 00:00 0 
7fe4f05fd000-7fe4f0600000 ---p 00000000 00:00 0 
7fe4f0600000-7fe4f06fe000 rw-p 00000000 00:00 0 
7fe4f06fe000-7fe4f08fe000 rw-p 00000000 00:00 0 
7fe4f08fe000-7fe4f0afe000 rw-p 00000000 00:00 0 
7fe4f0afe000-7fe4f0cfe000 rw-p 00000000 00:00 0 
7fe4f0cfe000-7fe4f0efe000 rw-p 00000000 00:00 0 
7fe4f0efe000-7fe4f0f01000 ---p 00000000 00:00 0 
7fe4f0f01000-7fe4f4000000 rw-p 00000000 00:00 0 
7fe4f4000000-7fe4f5aa6000 rw-p 00000000 00:00 0 
7fe4f5aa6000-7fe4f8000000 ---p 00000000 00:00 0 
7fe4f8000000-7fe4f80fa000 rw-p 00000000 00:00 0 
7fe4f80fa000-7fe4fc000000 ---p 00000000 00:00 0 
7fe4fc000000-7fe4fc38a000 rw-p 00000000 00:00 0 
7fe4fc38a000-7fe500000000 ---p 00000000 00:00 0 
7fe500000000-7fe503ff8000 rw-p 00000000 00:00 0 
7fe503ff8000-7fe504000000 ---p 00000000 00:00 0 
7fe504000000-7fe504064000 rw-p 00000000 00:00 0 
7fe504064000-7fe508000000 ---p 00000000 00:00 0 
7fe508000000-7fe5080c3000 rw-p 00000000 00:00 0 
7fe5080c3000-7fe50c000000 ---p 00000000 00:00 0 
7fe50c000000-7fe50c33b000 rw-p 00000000 00:00 0 
7fe50c33b000-7fe510000000 ---p 00000000 00:00 0 
7fe510000000-7fe510001000 r--s 0000b000 08:01 550469                     /home/Server/plugins/Clans-0.4.0.jar
7fe510001000-7fe510002000 r--s 0000b000 08:01 550469                     /home/Server/plugins/Clans-0.4.0.jar
7fe510002000-7fe510003000 r--s 00001000 08:01 542651                     /home/Server/plugins/commandspy.jar
7fe510003000-7fe510004000 r--s 00001000 08:01 542651                     /home/Server/plugins/commandspy.jar
7fe510004000-7fe510005000 r--s 00004000 08:01 551592                     /home/Server/plugins/MineableSpawners.jar
7fe510005000-7fe510006000 r--s 00004000 08:01 551592                     /home/Server/plugins/MineableSpawners.jar
7fe510006000-7fe510007000 r--s 00002000 08:01 542669                     /home/Server/plugins/AntiLag.jar
7fe510007000-7fe51000a000 r--s 00013000 08:01 542666                     /home/Server/plugins/AntiCreeper.jar
7fe51000a000-7fe510012000 r--s 0004e000 08:01 542658                     /home/Server/plugins/AnimationLib.jar
7fe510012000-7fe51005a000 r--s 003b8000 08:01 549039                     /home/Server/plugins/worldedit-bukkit-7.1.0.jar
7fe51005a000-7fe51025a000 rw-p 00000000 00:00 0 
7fe51025a000-7fe51045a000 rw-p 00000000 00:00 0 
7fe51045a000-7fe51065a000 rw-p 00000000 00:00 0 
7fe51065a000-7fe51085a000 rw-p 00000000 00:00 0 
7fe51085a000-7fe510a5a000 rw-p 00000000 00:00 0 
7fe510a5a000-7fe510c5a000 rw-p 00000000 00:00 0 
7fe510c5a000-7fe510e5a000 rw-p 00000000 00:00 0 
7fe510e5d000-7fe510f5b000 rw-p 00000000 00:00 0 
7fe510f5b000-7fe510f5d000 r-xp 00000000 08:01 131514                     /lib/x86_64-linux-gnu/libutil-2.24.so
7fe510f5d000-7fe51115c000 ---p 00002000 08:01 131514                     /lib/x86_64-linux-gnu/libutil-2.24.so
7fe51115c000-7fe51115d000 r--p 00001000 08:01 131514                     /lib/x86_64-linux-gnu/libutil-2.24.so
7fe51115d000-7fe51115e000 rw-p 00002000 08:01 131514                     /lib/x86_64-linux-gnu/libutil-2.24.so
7fe51115e000-7fe511161000 r-xp 00000000 08:01 547849                     /tmp/libjansi-Paper-1891495004336617902.so
7fe511161000-7fe511360000 ---p 00003000 08:01 547849                     /tmp/libjansi-Paper-1891495004336617902.so
7fe511360000-7fe511361000 rw-p 00002000 08:01 547849                     /tmp/libjansi-Paper-1891495004336617902.so
7fe511361000-7fe511561000 rw-p 00000000 00:00 0 
7fe511561000-7fe511761000 rw-p 00000000 00:00 0 
7fe511761000-7fe511764000 ---p 00000000 00:00 0 
7fe511764000-7fe511862000 rw-p 00000000 00:00 0 
7fe511862000-7fe51186b000 r-xp 00000000 08:01 544714                     /usr/lib/jvm/java-8-openjdk-amd64/jre/lib/amd64/libmanagement.so
7fe51186b000-7fe511a6a000 ---p 00009000 08:01 544714                     /usr/lib/jvm/java-8-openjdk-amd64/jre/lib/amd64/libmanagement.so
7fe511a6a000-7fe511a6b000 r--p 00008000 08:01 544714                     /usr/lib/jvm/java-8-openjdk-amd64/jre/lib/amd64/libmanagement.so
7fe511a6b000-7fe511a6c000 rw-p 00009000 08:01 544714                     /usr/lib/jvm/java-8-openjdk-amd64/jre/lib/amd64/libmanagement.so
7fe511a6c000-7fe511a83000 r-xp 00000000 08:01 544716                     /usr/lib/jvm/java-8-openjdk-amd64/jre/lib/amd64/libnet.so
7fe511a83000-7fe511c82000 ---p 00017000 08:01 544716                     /usr/lib/jvm/java-8-openjdk-amd64/jre/lib/amd64/libnet.so
7fe511c82000-7fe511c83000 r--p 00016000 08:01 544716                     /usr/lib/jvm/java-8-openjdk-amd64/jre/lib/amd64/libnet.so
7fe511c83000-7fe511c84000 rw-p 00017000 08:01 544716                     /usr/lib/jvm/java-8-openjdk-amd64/jre/lib/amd64/libnet.so
7fe511c84000-7fe511c95000 r-xp 00000000 08:01 544717                     /usr/lib/jvm/java-8-openjdk-amd64/jre/lib/amd64/libnio.so
7fe511c95000-7fe511e95000 ---p 00011000 08:01 544717                     /usr/lib/jvm/java-8-openjdk-amd64/jre/lib/amd64/libnio.so
7fe511e95000-7fe511e96000 r--p 00011000 08:01 544717                     /usr/lib/jvm/java-8-openjdk-amd64/jre/lib/amd64/libnio.so
7fe511e96000-7fe511e97000 rw-p 00012000 08:01 544717                     /usr/lib/jvm/java-8-openjdk-amd64/jre/lib/amd64/libnio.so
7fe511e97000-7fe512178000 r--s 02d0d000 08:01 549085                     /home/Server/spigot-1.9.jar
7fe512178000-7fe512193000 r--s 00394000 08:01 544735                     /usr/lib/jvm/java-8-openjdk-amd64/jre/lib/ext/cldrdata.jar
7fe512193000-7fe512194000 ---p 00000000 00:00 0 
7fe512194000-7fe512294000 rw-p 00000000 00:00 0 
7fe512294000-7fe512297000 ---p 00000000 00:00 0 
7fe512297000-7fe512395000 rw-p 00000000 00:00 0 
7fe512395000-7fe512396000 ---p 00000000 00:00 0 
7fe512396000-7fe512399000 ---p 00000000 00:00 0 
7fe512399000-7fe512496000 rw-p 00000000 00:00 0 
7fe512496000-7fe512497000 ---p 00000000 00:00 0 
7fe512497000-7fe51249a000 ---p 00000000 00:00 0 
7fe51249a000-7fe512597000 rw-p 00000000 00:00 0 
7fe512597000-7fe51259a000 ---p 00000000 00:00 0 
7fe51259a000-7fe512698000 rw-p 00000000 00:00 0 
7fe512698000-7fe512833000 r--p 00000000 08:01 524292                     /usr/lib/locale/locale-archive
7fe512833000-7fe512836000 ---p 00000000 00:00 0 
7fe512836000-7fe512934000 rw-p 00000000 00:00 0 
7fe512934000-7fe512937000 ---p 00000000 00:00 0 
7fe512937000-7fe512a35000 rw-p 00000000 00:00 0 
7fe512a35000-7fe512a36000 ---p 00000000 00:00 0 
7fe512a36000-7fe512b84000 rw-p 00000000 00:00 0 
7fe512b84000-7fe512d54000 r--s 03c68000 08:01 544761                     /usr/lib/jvm/java-8-openjdk-amd64/jre/lib/rt.jar
7fe512d54000-7fe513554000 rw-p 00000000 00:00 0 
7fe513554000-7fe514fff000 rw-p 00000000 00:00 0 
7fe514fff000-7fe515000000 rw-p 00000000 00:00 0 
7fe515000000-7fe51b390000 rwxp 00000000 00:00 0 
7fe51b390000-7fe524000000 ---p 00000000 00:00 0 
7fe524000000-7fe526342000 rw-p 00000000 00:00 0 
7fe526342000-7fe528000000 ---p 00000000 00:00 0 
7fe528000000-7fe528003000 r--s 00013000 08:01 542666                     /home/Server/plugins/AntiCreeper.jar
7fe528003000-7fe52800b000 r--s 0004e000 08:01 542658                     /home/Server/plugins/AnimationLib.jar
7fe52800b000-7fe528010000 r--s 000a3000 08:01 544756                     /usr/lib/jvm/java-8-openjdk-amd64/jre/lib/jsse.jar
7fe528010000-7fe52802b000 r--s 001d6000 08:01 544740                     /usr/lib/jvm/java-8-openjdk-amd64/jre/lib/ext/nashorn.jar
7fe52802b000-7fe5281ba000 rw-p 00000000 00:00 0 
7fe5281ba000-7fe5283eb000 ---p 00000000 00:00 0 
7fe5283eb000-7fe5283f3000 r-xp 00000000 08:01 544724                     /usr/lib/jvm/java-8-openjdk-amd64/jre/lib/amd64/libzip.so
7fe5283f3000-7fe5285f2000 ---p 00008000 08:01 544724                     /usr/lib/jvm/java-8-openjdk-amd64/jre/lib/amd64/libzip.so
7fe5285f2000-7fe5285f3000 r--p 00007000 08:01 544724                     /usr/lib/jvm/java-8-openjdk-amd64/jre/lib/amd64/libzip.so
7fe5285f3000-7fe5285f4000 rw-p 00008000 08:01 544724                     /usr/lib/jvm/java-8-openjdk-amd64/jre/lib/amd64/libzip.so
7fe5285f4000-7fe5285fe000 r-xp 00000000 08:01 131218                     /lib/x86_64-linux-gnu/libnss_files-2.24.so
7fe5285fe000-7fe5287fe000 ---p 0000a000 08:01 131218                     /lib/x86_64-linux-gnu/libnss_files-2.24.so
7fe5287fe000-7fe5287ff000 r--p 0000a000 08:01 131218                     /lib/x86_64-linux-gnu/libnss_files-2.24.so
7fe5287ff000-7fe528800000 rw-p 0000b000 08:01 131218                     /lib/x86_64-linux-gnu/libnss_files-2.24.so
7fe528800000-7fe528806000 rw-p 00000000 00:00 0 
7fe528806000-7fe528811000 r-xp 00000000 08:01 131476                     /lib/x86_64-linux-gnu/libnss_nis-2.24.so
7fe528811000-7fe528a10000 ---p 0000b000 08:01 131476                     /lib/x86_64-linux-gnu/libnss_nis-2.24.so
7fe528a10000-7fe528a11000 r--p 0000a000 08:01 131476                     /lib/x86_64-linux-gnu/libnss_nis-2.24.so
7fe528a11000-7fe528a12000 rw-p 0000b000 08:01 131476                     /lib/x86_64-linux-gnu/libnss_nis-2.24.so
7fe528a12000-7fe528a26000 r-xp 00000000 08:01 131163                     /lib/x86_64-linux-gnu/libnsl-2.24.so
7fe528a26000-7fe528c26000 ---p 00014000 08:01 131163                     /lib/x86_64-linux-gnu/libnsl-2.24.so
7fe528c26000-7fe528c27000 r--p 00014000 08:01 131163                     /lib/x86_64-linux-gnu/libnsl-2.24.so
7fe528c27000-7fe528c28000 rw-p 00015000 08:01 131163                     /lib/x86_64-linux-gnu/libnsl-2.24.so
7fe528c28000-7fe528c2a000 rw-p 00000000 00:00 0 
7fe528c2a000-7fe528c31000 r-xp 00000000 08:01 131164                     /lib/x86_64-linux-gnu/libnss_compat-2.24.so
7fe528c31000-7fe528e30000 ---p 00007000 08:01 131164                     /lib/x86_64-linux-gnu/libnss_compat-2.24.so
7fe528e30000-7fe528e31000 r--p 00006000 08:01 131164                     /lib/x86_64-linux-gnu/libnss_compat-2.24.so
7fe528e31000-7fe528e32000 rw-p 00007000 08:01 131164                     /lib/x86_64-linux-gnu/libnss_compat-2.24.so
7fe528e32000-7fe528e5c000 r-xp 00000000 08:01 544700                     /usr/lib/jvm/java-8-openjdk-amd64/jre/lib/amd64/libjava.so
7fe528e5c000-7fe52905b000 ---p 0002a000 08:01 544700                     /usr/lib/jvm/java-8-openjdk-amd64/jre/lib/amd64/libjava.so
7fe52905b000-7fe52905c000 r--p 00029000 08:01 544700                     /usr/lib/jvm/java-8-openjdk-amd64/jre/lib/amd64/libjava.so
7fe52905c000-7fe52905e000 rw-p 0002a000 08:01 544700                     /usr/lib/jvm/java-8-openjdk-amd64/jre/lib/amd64/libjava.so
7fe52905e000-7fe52906d000 r-xp 00000000 08:01 544723                     /usr/lib/jvm/java-8-openjdk-amd64/jre/lib/amd64/libverify.so
7fe52906d000-7fe52926d000 ---p 0000f000 08:01 544723                     /usr/lib/jvm/java-8-openjdk-amd64/jre/lib/amd64/libverify.so
7fe52926d000-7fe52926f000 r--p 0000f000 08:01 544723                     /usr/lib/jvm/java-8-openjdk-amd64/jre/lib/amd64/libverify.so
7fe52926f000-7fe529270000 rw-p 00011000 08:01 544723                     /usr/lib/jvm/java-8-openjdk-amd64/jre/lib/amd64/libverify.so
7fe529270000-7fe529277000 r-xp 00000000 08:01 131510                     /lib/x86_64-linux-gnu/librt-2.24.so
7fe529277000-7fe529476000 ---p 00007000 08:01 131510                     /lib/x86_64-linux-gnu/librt-2.24.so
7fe529476000-7fe529477000 r--p 00006000 08:01 131510                     /lib/x86_64-linux-gnu/librt-2.24.so
7fe529477000-7fe529478000 rw-p 00007000 08:01 131510                     /lib/x86_64-linux-gnu/librt-2.24.so
7fe529478000-7fe52948e000 r-xp 00000000 08:01 131131                     /lib/x86_64-linux-gnu/libgcc_s.so.1
7fe52948e000-7fe52968d000 ---p 00016000 08:01 131131                     /lib/x86_64-linux-gnu/libgcc_s.so.1
7fe52968d000-7fe52968e000 r--p 00015000 08:01 131131                     /lib/x86_64-linux-gnu/libgcc_s.so.1
7fe52968e000-7fe52968f000 rw-p 00016000 08:01 131131                     /lib/x86_64-linux-gnu/libgcc_s.so.1
7fe52968f000-7fe529792000 r-xp 00000000 08:01 131160                     /lib/x86_64-linux-gnu/libm-2.24.so
7fe529792000-7fe529991000 ---p 00103000 08:01 131160                     /lib/x86_64-linux-gnu/libm-2.24.so
7fe529991000-7fe529992000 r--p 00102000 08:01 131160                     /lib/x86_64-linux-gnu/libm-2.24.so
7fe529992000-7fe529993000 rw-p 00103000 08:01 131160                     /lib/x86_64-linux-gnu/libm-2.24.so
7fe529993000-7fe529b05000 r-xp 00000000 08:01 529223                     /usr/lib/x86_64-linux-gnu/libstdc++.so.6.0.22
7fe529b05000-7fe529d05000 ---p 00172000 08:01 529223                     /usr/lib/x86_64-linux-gnu/libstdc++.so.6.0.22
7fe529d05000-7fe529d0f000 r--p 00172000 08:01 529223                     /usr/lib/x86_64-linux-gnu/libstdc++.so.6.0.22
7fe529d0f000-7fe529d11000 rw-p 0017c000 08:01 529223                     /usr/lib/x86_64-linux-gnu/libstdc++.so.6.0.22
7fe529d11000-7fe529d15000 rw-p 00000000 00:00 0 
7fe529d15000-7fe52a980000 r-xp 00000000 08:01 544726                     /usr/lib/jvm/java-8-openjdk-amd64/jre/lib/amd64/server/libjvm.so
7fe52a980000-7fe52ab7f000 ---p 00c6b000 08:01 544726                     /usr/lib/jvm/java-8-openjdk-amd64/jre/lib/amd64/server/libjvm.so
7fe52ab7f000-7fe52ac13000 r--p 00c6a000 08:01 544726                     /usr/lib/jvm/java-8-openjdk-amd64/jre/lib/amd64/server/libjvm.so
7fe52ac13000-7fe52ac3c000 rw-p 00cfe000 08:01 544726                     /usr/lib/jvm/java-8-openjdk-amd64/jre/lib/amd64/server/libjvm.so
7fe52ac3c000-7fe52ac6c000 rw-p 00000000 00:00 0 
7fe52ac6c000-7fe52ae01000 r-xp 00000000 08:01 131155                     /lib/x86_64-linux-gnu/libc-2.24.so
7fe52ae01000-7fe52b001000 ---p 00195000 08:01 131155                     /lib/x86_64-linux-gnu/libc-2.24.so
7fe52b001000-7fe52b005000 r--p 00195000 08:01 131155                     /lib/x86_64-linux-gnu/libc-2.24.so
7fe52b005000-7fe52b007000 rw-p 00199000 08:01 131155                     /lib/x86_64-linux-gnu/libc-2.24.so
7fe52b007000-7fe52b00b000 rw-p 00000000 00:00 0 
7fe52b00b000-7fe52b00e000 r-xp 00000000 08:01 131158                     /lib/x86_64-linux-gnu/libdl-2.24.so
7fe52b00e000-7fe52b20d000 ---p 00003000 08:01 131158                     /lib/x86_64-linux-gnu/libdl-2.24.so
7fe52b20d000-7fe52b20e000 r--p 00002000 08:01 131158                     /lib/x86_64-linux-gnu/libdl-2.24.so
7fe52b20e000-7fe52b20f000 rw-p 00003000 08:01 131158                     /lib/x86_64-linux-gnu/libdl-2.24.so
7fe52b20f000-7fe52b21c000 r-xp 00000000 08:01 544668                     /usr/lib/jvm/java-8-openjdk-amd64/jre/lib/amd64/jli/libjli.so
7fe52b21c000-7fe52b41c000 ---p 0000d000 08:01 544668                     /usr/lib/jvm/java-8-openjdk-amd64/jre/lib/amd64/jli/libjli.so
7fe52b41c000-7fe52b41d000 r--p 0000d000 08:01 544668                     /usr/lib/jvm/java-8-openjdk-amd64/jre/lib/amd64/jli/libjli.so
7fe52b41d000-7fe52b41e000 rw-p 0000e000 08:01 544668                     /usr/lib/jvm/java-8-openjdk-amd64/jre/lib/amd64/jli/libjli.so
7fe52b41e000-7fe52b437000 r-xp 00000000 08:01 131413                     /lib/x86_64-linux-gnu/libz.so.1.2.8
7fe52b437000-7fe52b636000 ---p 00019000 08:01 131413                     /lib/x86_64-linux-gnu/libz.so.1.2.8
7fe52b636000-7fe52b637000 r--p 00018000 08:01 131413                     /lib/x86_64-linux-gnu/libz.so.1.2.8
7fe52b637000-7fe52b638000 rw-p 00019000 08:01 131413                     /lib/x86_64-linux-gnu/libz.so.1.2.8
7fe52b638000-7fe52b650000 r-xp 00000000 08:01 131506                     /lib/x86_64-linux-gnu/libpthread-2.24.so
7fe52b650000-7fe52b84f000 ---p 00018000 08:01 131506                     /lib/x86_64-linux-gnu/libpthread-2.24.so
7fe52b84f000-7fe52b850000 r--p 00017000 08:01 131506                     /lib/x86_64-linux-gnu/libpthread-2.24.so
7fe52b850000-7fe52b851000 rw-p 00018000 08:01 131506                     /lib/x86_64-linux-gnu/libpthread-2.24.so
7fe52b851000-7fe52b855000 rw-p 00000000 00:00 0 
7fe52b855000-7fe52b878000 r-xp 00000000 08:01 131139                     /lib/x86_64-linux-gnu/ld-2.24.so
7fe52b878000-7fe52b879000 r--s 00002000 08:01 542669                     /home/Server/plugins/AntiLag.jar
7fe52b879000-7fe52b87b000 r--s 00016000 08:01 544754                     /usr/lib/jvm/java-8-openjdk-amd64/jre/lib/jce.jar
7fe52b87b000-7fe52b87d000 r--s 00007000 08:01 15463                      /usr/share/java/java-atk-wrapper.jar
7fe52b87d000-7fe52b882000 r--s 0003d000 08:01 544742                     /usr/lib/jvm/java-8-openjdk-amd64/jre/lib/ext/sunjce_provider.jar
7fe52b882000-7fe52b883000 r--s 00010000 08:01 544744                     /usr/lib/jvm/java-8-openjdk-amd64/jre/lib/ext/zipfs.jar
7fe52b883000-7fe52b885000 r--s 00001000 08:01 544736                     /usr/lib/jvm/java-8-openjdk-amd64/jre/lib/ext/dnsns.jar
7fe52b885000-7fe52b88f000 r--s 00116000 08:01 544739                     /usr/lib/jvm/java-8-openjdk-amd64/jre/lib/ext/localedata.jar
7fe52b88f000-7fe52b890000 r--s 0000d000 08:01 544741                     /usr/lib/jvm/java-8-openjdk-amd64/jre/lib/ext/sunec.jar
7fe52b890000-7fe52b893000 r--s 0000f000 08:01 544737                     /usr/lib/jvm/java-8-openjdk-amd64/jre/lib/ext/icedtea-sound.jar
7fe52b893000-7fe52b964000 rw-p 00000000 00:00 0 
7fe52b964000-7fe52b96c000 rw-s 00000000 08:01 547848                     /tmp/hsperfdata_root/4896
7fe52b96c000-7fe52b96d000 ---p 00000000 00:00 0 
7fe52b96d000-7fe52b970000 ---p 00000000 00:00 0 
7fe52b970000-7fe52ba71000 rw-p 00000000 00:00 0 
7fe52ba71000-7fe52ba72000 r--s 0000a000 08:01 544738                     /usr/lib/jvm/java-8-openjdk-amd64/jre/lib/ext/jaccess.jar
7fe52ba72000-7fe52ba76000 r--s 0003a000 08:01 544743                     /usr/lib/jvm/java-8-openjdk-amd64/jre/lib/ext/sunpkcs11.jar
7fe52ba76000-7fe52ba77000 rw-p 00000000 00:00 0 
7fe52ba77000-7fe52ba78000 r--p 00000000 00:00 0 
7fe52ba78000-7fe52ba79000 r--p 00023000 08:01 131139                     /lib/x86_64-linux-gnu/ld-2.24.so
7fe52ba79000-7fe52ba7a000 rw-p 00024000 08:01 131139                     /lib/x86_64-linux-gnu/ld-2.24.so
7fe52ba7a000-7fe52ba7b000 rw-p 00000000 00:00 0 
7ffec748f000-7ffec74b0000 rw-p 00000000 00:00 0                          [stack]
7ffec75dc000-7ffec75de000 r--p 00000000 00:00 0                          [vvar]
7ffec75de000-7ffec75e0000 r-xp 00000000 00:00 0                          [vdso]
ffffffffff600000-ffffffffff601000 r-xp 00000000 00:00 0                  [vsyscall]

VM Arguments:
jvm_args: -Xms4G -Xms8G 
java_command: spigot-1.9.jar nogui
java_class_path (initial): spigot-1.9.jar
Launcher Type: SUN_STANDARD

Environment Variables:
PATH=/usr/local/sbin:/usr/local/bin:/usr/sbin:/usr/bin:/sbin:/bin
USERNAME=root
SHELL=/bin/bash

Signal Handlers:
SIGSEGV: [libjvm.so+0xa7fff0], sa_mask[0]=11111111011111111101111111111110, sa_flags=SA_RESTART|SA_SIGINFO
SIGBUS: [libjvm.so+0xa7fff0], sa_mask[0]=11111111011111111101111111111110, sa_flags=SA_RESTART|SA_SIGINFO
SIGFPE: [libjvm.so+0x8c89a0], sa_mask[0]=11111111011111111101111111111110, sa_flags=SA_RESTART|SA_SIGINFO
SIGPIPE: [libjvm.so+0x8c89a0], sa_mask[0]=11111111011111111101111111111110, sa_flags=SA_RESTART|SA_SIGINFO
SIGXFSZ: [libjvm.so+0x8c89a0], sa_mask[0]=11111111011111111101111111111110, sa_flags=SA_RESTART|SA_SIGINFO
SIGILL: [libjvm.so+0x8c89a0], sa_mask[0]=11111111011111111101111111111110, sa_flags=SA_RESTART|SA_SIGINFO
SIGUSR1: SIG_DFL, sa_mask[0]=00000000000000000000000000000000, sa_flags=none
SIGUSR2: [libjvm.so+0x8c8850], sa_mask[0]=00000000000000000000000000000000, sa_flags=SA_RESTART|SA_SIGINFO
SIGHUP: [libjvm.so+0x8c8ec0], sa_mask[0]=11111111011111111101111111111110, sa_flags=SA_RESTART|SA_SIGINFO
SIGINT: [libjvm.so+0x8c8ec0], sa_mask[0]=11111111011111111101111111111110, sa_flags=SA_RESTART|SA_SIGINFO
SIGTERM: [libjvm.so+0x8c8ec0], sa_mask[0]=11111111011111111101111111111110, sa_flags=SA_RESTART|SA_SIGINFO
SIGQUIT: [libjvm.so+0x8c8ec0], sa_mask[0]=11111111011111111101111111111110, sa_flags=SA_RESTART|SA_SIGINFO


---------------  S Y S T E M  ---------------

OS:PRETTY_NAME="Debian GNU/Linux 9 (stretch)"
NAME="Debian GNU/Linux"
VERSION_ID="9"
VERSION="9 (stretch)"
VERSION_CODENAME=stretch
ID=debian
HOME_URL="https://www.debian.org/"
SUPPORT_URL="https://www.debian.org/support"
BUG_REPORT_URL="https://bugs.debian.org/"

uname:Linux 4.9.0-11-amd64 #1 SMP Debian 4.9.189-3+deb9u2 (2019-11-11) x86_64
libc:glibc 2.24 NPTL 2.24 
rlimit: STACK 8192k, CORE 0k, NPROC 31865, NOFILE 1048576, AS infinity
load average:1.56 1.08 0.76

/proc/meminfo:
MemTotal:        8179776 kB
MemFree:          120244 kB
MemAvailable:          0 kB
Buffers:             280 kB
Cached:            79232 kB
SwapCached:            0 kB
Active:          7912744 kB
Inactive:          77504 kB
Active(anon):    7910972 kB
Inactive(anon):    75468 kB
Active(file):       1772 kB
Inactive(file):     2036 kB
Unevictable:           0 kB
Mlocked:               0 kB
SwapTotal:             0 kB
SwapFree:              0 kB
Dirty:                96 kB
Writeback:             0 kB
AnonPages:       7910764 kB
Mapped:            11576 kB
Shmem:             75676 kB
Slab:              19844 kB
SReclaimable:       9352 kB
SUnreclaim:        10492 kB
KernelStack:        1776 kB
PageTables:        17412 kB
NFS_Unstable:          0 kB
Bounce:                0 kB
WritebackTmp:          0 kB
CommitLimit:     4089888 kB
Committed_AS:    9083908 kB
VmallocTotal:   34359738367 kB
VmallocUsed:           0 kB
VmallocChunk:          0 kB
HardwareCorrupted:     0 kB
AnonHugePages:         0 kB
ShmemHugePages:        0 kB
ShmemPmdMapped:        0 kB
HugePages_Total:       0
HugePages_Free:        0
HugePages_Rsvd:        0
HugePages_Surp:        0
Hugepagesize:       2048 kB
DirectMap4k:      212980 kB
DirectMap2M:     8175616 kB
DirectMap1G:     2097152 kB

container (cgroup) information:
container_type: cgroupv1
cpu_cpuset_cpus: 0
cpu_memory_nodes: 0
active_processor_count: 1
cpu_quota: -1
cpu_period: 100000
cpu_shares: -1
memory_limit_in_bytes: -1
memory_and_swap_limit_in_bytes: -2
memory_soft_limit_in_bytes: -1
memory_usage_in_bytes: 8181198848
memory_max_usage_in_bytes: 0


CPU:total 1 (initial active 1) (1 cores per cpu, 1 threads per core) family 6 model 63 stepping 0, cmov, cx8, fxsr, mmx, sse, sse2, sse3, ssse3, sse4.1, sse4.2, popcnt, avx, avx2, aes, clmul, erms, lzcnt, tsc, tscinvbit, bmi1, bmi2

/proc/cpuinfo:
processor	: 0
vendor_id	: GenuineIntel
cpu family	: 6
model		: 63
model name	: Intel(R) Xeon(R) CPU @ 2.30GHz
stepping	: 0
microcode	: 0x1
cpu MHz		: 2300.000
cache size	: 46080 KB
physical id	: 0
siblings	: 1
core id		: 0
cpu cores	: 1
apicid		: 0
initial apicid	: 0
fpu		: yes
fpu_exception	: yes
cpuid level	: 13
wp		: yes
flags		: fpu vme de pse tsc msr pae mce cx8 apic sep mtrr pge mca cmov pat pse36 clflush mmx fxsr sse sse2 ss ht syscall nx pdpe1gb rdtscp lm constant_tsc rep_good nopl xtopology nonstop_tsc pni pclmulqdq ssse3 fma cx16 pcid sse4_1 sse4_2 x2apic movbe popcnt aes xsave avx f16c rdrand hypervisor lahf_lm abm invpcid_single ssbd ibrs ibpb stibp kaiser fsgsbase tsc_adjust bmi1 avx2 smep bmi2 erms invpcid xsaveopt arat md_clear arch_capabilities
bugs		: cpu_meltdown spectre_v1 spectre_v2 spec_store_bypass l1tf mds swapgs itlb_multihit
bogomips	: 4600.00
clflush size	: 64
cache_alignment	: 64
address sizes	: 46 bits physical, 48 bits virtual
power management:



Memory: 4k page, physical 8179776k(120492k free), swap 0k(0k free)

vm_info: OpenJDK 64-Bit Server VM (25.242-b08) for linux-amd64 JRE (1.8.0_242-8u242-b08-1~deb9u1-b08), built on Feb 10 2020 12:38:09 by "pbuilder" with gcc 6.3.0 20170516

time: Sat Mar  7 21:51:58 2020
timezone: UTC
elapsed time: 94398 seconds (1d 2h 13m 18s)

