[04:32:51] [Server thread/INFO]: Starting minecraft server version 1.15.2
[04:32:51] [Server thread/INFO]: Loading properties
[04:32:51] [Server thread/INFO]: This server is running Paper version git-Paper-115 (MC: 1.15.2) (Implementing API version 1.15.2-R0.1-SNAPSHOT)
[04:32:52] [Server thread/INFO]: Server Ping Player Sample Count: 12
[04:32:52] [Server thread/INFO]: Using 4 threads for Netty based IO
[04:32:52] [Server thread/INFO]: Debug logging is disabled
[04:32:52] [Server thread/INFO]: Default game type: SURVIVAL
[04:32:52] [Server thread/INFO]: Generating keypair
[04:32:53] [Server thread/INFO]: Starting Minecraft server on *:25565
[04:32:53] [Server thread/INFO]: Using epoll channel type
[04:32:54] [Server thread/ERROR]: Could not load 'plugins/minerstorhc.jar' in folder 'plugins': uses the space-character (0x20) in its name
[04:32:55] [Server thread/WARN]: Initializing Legacy Material Support. Unless you have legacy plugins and/or data this is a bug!
[04:33:06] [Server thread/WARN]: Legacy plugin TigerReports v4.9.11 does not specify an api-version.
[04:33:07] [Server thread/WARN]: Legacy plugin AntiLag v2.0 does not specify an api-version.
[04:33:07] [Server thread/WARN]: Legacy plugin LoginSecurity v2.1.9 does not specify an api-version.
[04:33:07] [Server thread/WARN]: Legacy plugin NametagEdit v4.4.6 does not specify an api-version.
[04:33:07] [Server thread/WARN]: Legacy plugin CommandSpy v2.0 does not specify an api-version.
[04:33:07] [Server thread/WARN]: Legacy plugin Multiverse-Core v2.5-b719 does not specify an api-version.
[04:33:07] [Server thread/WARN]: Legacy plugin MVdWPlaceholderAPI v2.5.1 does not specify an api-version.
[04:33:07] [Server thread/WARN]: Legacy plugin sleep-most v3.6.1 does not specify an api-version.
[04:33:08] [Server thread/WARN]: Legacy plugin PermissionsEx v1.23.4 does not specify an api-version.
[04:33:09] [Server thread/WARN]: Legacy plugin Announcer v1.7.4 does not specify an api-version.
[04:33:09] [Server thread/WARN]: Legacy plugin KarenProtect v1.5.9 does not specify an api-version.
[04:33:09] [Server thread/INFO]: [TigerReports] Loading TigerReports v4.9.11
[04:33:09] [Server thread/INFO]: [AnimationLib] Loading AnimationLib v1.7.0
[04:33:10] [Server thread/WARN]: [AnimationLib] Loaded class me.clip.placeholderapi.PlaceholderAPI from PlaceholderAPI v2.10.4 which is not a depend, softdepend or loadbefore of this plugin.
[04:33:10] [Server thread/INFO]: [WorldEdit] Loading WorldEdit v7.1.0;8e55131
[04:33:12] [Server thread/INFO]: Got request to register class com.sk89q.worldedit.bukkit.BukkitServerInterface with WorldEdit [com.sk89q.worldedit.extension.platform.PlatformManager@5ad5ed91]
[04:33:12] [Server thread/INFO]: [AntiCreeper] Loading AntiCreeper v5.0
[04:33:12] [Server thread/INFO]: [AntiLag] Loading AntiLag v2.0
[04:33:12] [Server thread/INFO]: [LoginSecurity] Loading LoginSecurity v2.1.9
[04:33:12] [Server thread/INFO]: [PlaceholderAPI] Loading PlaceholderAPI v2.10.4
[04:33:12] [Server thread/INFO]: [MineableSpawners] Loading MineableSpawners v2.0.8
[04:33:12] [Server thread/INFO]: [PlugMan] Loading PlugMan v2.1.7
[04:33:12] [Server thread/INFO]: [NametagEdit] Loading NametagEdit v4.4.6
[04:33:12] [Server thread/INFO]: [CommandSpy] Loading CommandSpy v2.0
[04:33:12] [Server thread/INFO]: [WorldGuard] Loading WorldGuard v7.0.2-SNAPSHOT;bf2593e
[04:33:12] [Server thread/INFO]: [ProtocolLib] Loading ProtocolLib v4.5.0
[04:33:12] [Server thread/WARN]: [ProtocolLib] Version (MC: 1.15.2) has not yet been tested! Proceed with caution.
[04:33:13] [Server thread/INFO]: [Clans] Loading Clans v0.4.0
[04:33:13] [Server thread/INFO]: [Multiverse-Core] Loading Multiverse-Core v2.5-b719
[04:33:13] [Server thread/INFO]: [SkinsRestorer] Loading SkinsRestorer v13.7.5
[04:33:13] [Server thread/INFO]: [MVdWPlaceholderAPI] Loading MVdWPlaceholderAPI v2.5.1
[04:33:13] [Server thread/INFO]: [UberEnchant] Loading UberEnchant v8.6
[04:33:13] [Server thread/INFO]: [sleep-most] Loading sleep-most v3.6.1
[04:33:13] [Server thread/INFO]: [EditableSign] [32m[EditableSign] Loading EditableSign v7.0.4[0m
[04:33:13] [Server thread/INFO]: [CraftEnhance] Loading CraftEnhance v2.3.4
[04:33:13] [Server thread/INFO]: [AntiVPN] Loading AntiVPN v5.11.37
[04:33:14] [Server thread/INFO]: [Anti-VPN] Checking version of ACF
[04:33:14] [Server thread/INFO]: [Anti-VPN] Checking version of SQLite
[04:33:14] [Server thread/INFO]: [Anti-VPN] Checking version of MySQL
[04:33:18] [Server thread/INFO]: [PermissionsEx] Loading PermissionsEx v1.23.4
[04:33:18] [Server thread/WARN]: [PermissionsEx] This server is in offline mode. Unless this server is configured to integrate with a supported proxy (see http://dft.ba/-8ous), UUIDs *may not be stable*!
[04:33:18] [Server thread/INFO]: [ClansChatAddon] Loading ClansChatAddon v0.0.5
[04:33:18] [Server thread/INFO]: [Vault] Loading Vault v1.7.2-b107
[04:33:18] [Server thread/INFO]: [GameModeInventories] Loading GameModeInventories v3.1
[04:33:18] [Server thread/INFO]: [Essentials] Loading Essentials v2.17.1.0
[04:33:18] [Server thread/INFO]: [Matrix] Loading Matrix v4.3.5
[04:33:18] [Server thread/INFO]: [Announcer] Loading Announcer v1.7.4
[04:33:18] [Server thread/INFO]: [HolographicDisplays] Loading HolographicDisplays v2.4.1
[04:33:18] [Server thread/INFO]: [KarenProtect] Loading KarenProtect v1.5.9
[04:33:18] [Server thread/INFO]: [EssentialsXMPP] Loading EssentialsXMPP v2.17.1.0
[04:33:18] [Server thread/INFO]: [LockettePro] Loading LockettePro v2.9.10
[04:33:18] [Server thread/INFO]: [ChestCommands] Loading ChestCommands v3.2.0
[04:33:18] [Server thread/INFO]: [EssentialsProtect] Loading EssentialsProtect v2.17.1.0
[04:33:18] [Server thread/INFO]: [EssentialsChat] Loading EssentialsChat v2.17.1.0
[04:33:18] [Server thread/INFO]: [EssentialsAntiBuild] Loading EssentialsAntiBuild v2.17.1.0
[04:33:18] [Server thread/INFO]: [RandomTeleport] [32m[RandomTeleport] Loading RandomTeleport v7.9.2[0m
[04:33:18] [Server thread/INFO]: [EssentialsSpawn] Loading EssentialsSpawn v2.17.1.0
[04:33:18] [Server thread/INFO]: [PvPManager] Loading PvPManager v3.6
[04:33:18] [Server thread/INFO]: Server permissions file permissions.yml is empty, ignoring it
[04:33:18] [Server thread/INFO]: [AnimationLib] Enabling AnimationLib v1.7.0
[04:33:18] [Server thread/INFO]: [WorldEdit] Enabling WorldEdit v7.1.0;8e55131
[04:33:18] [Server thread/WARN]: [WorldEdit] Loaded class ru.tehkode.permissions.PermissionManager from PermissionsEx v1.23.4 which is not a depend, softdepend or loadbefore of this plugin.
[04:33:18] [Server thread/INFO]: WEPIF: Using the Bukkit Permissions API.
[04:33:19] [Server thread/INFO]: Using com.sk89q.worldedit.bukkit.adapter.impl.Spigot_v1_15_R2 as the Bukkit adapter
[04:33:22] [Server thread/INFO]: [ProtocolLib] Enabling ProtocolLib v4.5.0
[04:33:22] [Server thread/INFO]: [ProtocolLib] Started structure compiler thread.
[04:33:22] [Server thread/INFO]: [Vault] Enabling Vault v1.7.2-b107
[04:33:22] [Server thread/WARN]: [Vault] Loaded class com.earth2me.essentials.api.Economy from Essentials v2.17.1.0 which is not a depend, softdepend or loadbefore of this plugin.
[04:33:22] [Server thread/INFO]: [Vault] [Economy] Essentials Economy found: Waiting
[04:33:22] [Server thread/WARN]: [Vault] Loaded class ru.tehkode.permissions.bukkit.PermissionsEx from PermissionsEx v1.23.4 which is not a depend, softdepend or loadbefore of this plugin.
[04:33:22] [Server thread/INFO]: [Vault] [Permission] PermissionsEx found: Waiting
[04:33:22] [Server thread/INFO]: [Vault] [Permission] SuperPermissions loaded as backup permission system.
[04:33:22] [Server thread/INFO]: [Vault] [Chat] PermissionsEx found: Waiting
[04:33:22] [Server thread/INFO]: [Vault] Enabled Version 1.7.2-b107
[04:33:22] [Server thread/INFO]: WEPIF: Using the Bukkit Permissions API.
[04:33:22] [Server thread/WARN]: **** SERVER IS RUNNING IN OFFLINE/INSECURE MODE!
[04:33:22] [Server thread/WARN]: The server will make no attempt to authenticate usernames. Beware.
[04:33:22] [Server thread/WARN]: While this makes the game possible to play without internet access, it also opens up the ability for hackers to connect with any username they choose.
[04:33:22] [Server thread/WARN]: To change this, set "online-mode" to "true" in the server.properties file.
[04:33:23] [Server thread/INFO]: Preparing level "world"
[04:33:23] [Server thread/INFO]: Reloading ResourceManager: Default, bukkit, coordinates hud v1.1.1.zip, double shulker shells v1.0.3.zip, dragon drops elytra v1.0.2.zip, more mob heads v2.1.0.zip, multiplayer sleep v1.0.1.zip, nether portal coords v1.0.0.zip, silence mobs v1.0.0.zip, terracotta rotation wrench v1.0.1.zip
[04:33:25] [Server thread/INFO]: Loaded 6 recipes
[04:33:25] [Server thread/WARN]: Datapack tried to redefine minecraft:empty loot table, ignoring
[04:33:28] [Server thread/INFO]: Loaded 38 custom command functions
[04:33:29] [Server thread/INFO]: -------- World Settings For [world] --------
[04:33:29] [Server thread/INFO]: View Distance: 10
[04:33:29] [Server thread/INFO]: Allow Zombie Pigmen to spawn from portal blocks: true
[04:33:29] [Server thread/INFO]: Item Merge Radius: 2.5
[04:33:29] [Server thread/INFO]: Item Despawn Rate: 6000
[04:33:29] [Server thread/INFO]: Arrow Despawn Rate: 1200 Trident Respawn Rate:1200
[04:33:29] [Server thread/INFO]: Zombie Aggressive Towards Villager: true
[04:33:29] [Server thread/INFO]: Nerfing mobs spawned from spawners: false
[04:33:29] [Server thread/INFO]: Max TNT Explosions: 100
[04:33:29] [Server thread/INFO]: Tile Max Tick Time: 50ms Entity max Tick Time: 50ms
[04:33:29] [Server thread/INFO]: Entity Activation Range: An 32 / Mo 32 / Ra 48 / Mi 16 / Tiv true
[04:33:29] [Server thread/INFO]: Entity Tracking Range: Pl 48 / An 48 / Mo 48 / Mi 32 / Other 64
[04:33:29] [Server thread/INFO]: Hopper Transfer: 8 Hopper Check: 1 Hopper Amount: 1
[04:33:29] [Server thread/INFO]: Custom Map Seeds:  Village: 10387312 Desert: 14357617 Igloo: 14357618 Jungle: 14357619 Swamp: 14357620 Monument: 10387313 Ocean: 14357621 Shipwreck: 165745295 Slime: 987234911
[04:33:29] [Server thread/INFO]: Experience Merge Radius: 3.0
[04:33:29] [Server thread/INFO]: Mob Spawn Range: 4
[04:33:29] [Server thread/INFO]: Cactus Growth Modifier: 100%
[04:33:29] [Server thread/INFO]: Cane Growth Modifier: 100%
[04:33:29] [Server thread/INFO]: Melon Growth Modifier: 100%
[04:33:29] [Server thread/INFO]: Mushroom Growth Modifier: 100%
[04:33:29] [Server thread/INFO]: Pumpkin Growth Modifier: 100%
[04:33:29] [Server thread/INFO]: Sapling Growth Modifier: 100%
[04:33:29] [Server thread/INFO]: Beetroot Growth Modifier: 100%
[04:33:29] [Server thread/INFO]: Carrot Growth Modifier: 100%
[04:33:29] [Server thread/INFO]: Potato Growth Modifier: 100%
[04:33:29] [Server thread/INFO]: Wheat Growth Modifier: 100%
[04:33:29] [Server thread/INFO]: NetherWart Growth Modifier: 100%
[04:33:29] [Server thread/INFO]: Vine Growth Modifier: 100%
[04:33:29] [Server thread/INFO]: Cocoa Growth Modifier: 100%
[04:33:29] [Server thread/INFO]: Bamboo Growth Modifier: 100%
[04:33:29] [Server thread/INFO]: SweetBerry Growth Modifier: 100%
[04:33:29] [Server thread/INFO]: Kelp Growth Modifier: 100%
[04:33:47] [Server thread/INFO]: Registering commands with com.sk89q.worldedit.bukkit.BukkitServerInterface
[04:33:48] [Server thread/INFO]: -------- World Settings For [world_nether] --------
[04:33:48] [Server thread/INFO]: View Distance: 10
[04:33:48] [Server thread/INFO]: Allow Zombie Pigmen to spawn from portal blocks: true
[04:33:48] [Server thread/INFO]: Item Merge Radius: 2.5
[04:33:48] [Server thread/INFO]: Item Despawn Rate: 6000
[04:33:48] [Server thread/INFO]: Arrow Despawn Rate: 1200 Trident Respawn Rate:1200
[04:33:48] [Server thread/INFO]: Zombie Aggressive Towards Villager: true
[04:33:48] [Server thread/INFO]: Nerfing mobs spawned from spawners: false
[04:33:48] [Server thread/INFO]: Max TNT Explosions: 100
[04:33:48] [Server thread/INFO]: Tile Max Tick Time: 50ms Entity max Tick Time: 50ms
[04:33:48] [Server thread/INFO]: Entity Activation Range: An 32 / Mo 32 / Ra 48 / Mi 16 / Tiv true
[04:33:48] [Server thread/INFO]: Entity Tracking Range: Pl 48 / An 48 / Mo 48 / Mi 32 / Other 64
[04:33:48] [Server thread/INFO]: Hopper Transfer: 8 Hopper Check: 1 Hopper Amount: 1
[04:33:48] [Server thread/INFO]: Custom Map Seeds:  Village: 10387312 Desert: 14357617 Igloo: 14357618 Jungle: 14357619 Swamp: 14357620 Monument: 10387313 Ocean: 14357621 Shipwreck: 165745295 Slime: 987234911
[04:33:48] [Server thread/INFO]: Experience Merge Radius: 3.0
[04:33:48] [Server thread/INFO]: Mob Spawn Range: 4
[04:33:48] [Server thread/INFO]: Cactus Growth Modifier: 100%
[04:33:48] [Server thread/INFO]: Cane Growth Modifier: 100%
[04:33:48] [Server thread/INFO]: Melon Growth Modifier: 100%
[04:33:48] [Server thread/INFO]: Mushroom Growth Modifier: 100%
[04:33:48] [Server thread/INFO]: Pumpkin Growth Modifier: 100%
[04:33:48] [Server thread/INFO]: Sapling Growth Modifier: 100%
[04:33:48] [Server thread/INFO]: Beetroot Growth Modifier: 100%
[04:33:48] [Server thread/INFO]: Carrot Growth Modifier: 100%
[04:33:48] [Server thread/INFO]: Potato Growth Modifier: 100%
[04:33:48] [Server thread/INFO]: Wheat Growth Modifier: 100%
[04:33:48] [Server thread/INFO]: NetherWart Growth Modifier: 100%
[04:33:48] [Server thread/INFO]: Vine Growth Modifier: 100%
[04:33:48] [Server thread/INFO]: Cocoa Growth Modifier: 100%
[04:33:48] [Server thread/INFO]: Bamboo Growth Modifier: 100%
[04:33:48] [Server thread/INFO]: SweetBerry Growth Modifier: 100%
[04:33:48] [Server thread/INFO]: Kelp Growth Modifier: 100%
[04:33:48] [Server thread/INFO]: -------- World Settings For [world_the_end] --------
[04:33:48] [Server thread/INFO]: View Distance: 10
[04:33:48] [Server thread/INFO]: Allow Zombie Pigmen to spawn from portal blocks: true
[04:33:48] [Server thread/INFO]: Item Merge Radius: 2.5
[04:33:48] [Server thread/INFO]: Item Despawn Rate: 6000
[04:33:48] [Server thread/INFO]: Arrow Despawn Rate: 1200 Trident Respawn Rate:1200
[04:33:48] [Server thread/INFO]: Zombie Aggressive Towards Villager: true
[04:33:48] [Server thread/INFO]: Nerfing mobs spawned from spawners: false
[04:33:48] [Server thread/INFO]: Max TNT Explosions: 100
[04:33:48] [Server thread/INFO]: Tile Max Tick Time: 50ms Entity max Tick Time: 50ms
[04:33:48] [Server thread/INFO]: Entity Activation Range: An 32 / Mo 32 / Ra 48 / Mi 16 / Tiv true
[04:33:48] [Server thread/INFO]: Entity Tracking Range: Pl 48 / An 48 / Mo 48 / Mi 32 / Other 64
[04:33:48] [Server thread/INFO]: Hopper Transfer: 8 Hopper Check: 1 Hopper Amount: 1
[04:33:48] [Server thread/INFO]: Custom Map Seeds:  Village: 10387312 Desert: 14357617 Igloo: 14357618 Jungle: 14357619 Swamp: 14357620 Monument: 10387313 Ocean: 14357621 Shipwreck: 165745295 Slime: 987234911
[04:33:48] [Server thread/INFO]: Experience Merge Radius: 3.0
[04:33:48] [Server thread/INFO]: Mob Spawn Range: 4
[04:33:48] [Server thread/INFO]: Cactus Growth Modifier: 100%
[04:33:48] [Server thread/INFO]: Cane Growth Modifier: 100%
[04:33:48] [Server thread/INFO]: Melon Growth Modifier: 100%
[04:33:48] [Server thread/INFO]: Mushroom Growth Modifier: 100%
[04:33:48] [Server thread/INFO]: Pumpkin Growth Modifier: 100%
[04:33:48] [Server thread/INFO]: Sapling Growth Modifier: 100%
[04:33:48] [Server thread/INFO]: Beetroot Growth Modifier: 100%
[04:33:48] [Server thread/INFO]: Carrot Growth Modifier: 100%
[04:33:48] [Server thread/INFO]: Potato Growth Modifier: 100%
[04:33:48] [Server thread/INFO]: Wheat Growth Modifier: 100%
[04:33:48] [Server thread/INFO]: NetherWart Growth Modifier: 100%
[04:33:48] [Server thread/INFO]: Vine Growth Modifier: 100%
[04:33:48] [Server thread/INFO]: Cocoa Growth Modifier: 100%
[04:33:48] [Server thread/INFO]: Bamboo Growth Modifier: 100%
[04:33:48] [Server thread/INFO]: SweetBerry Growth Modifier: 100%
[04:33:48] [Server thread/INFO]: Kelp Growth Modifier: 100%
[04:33:48] [Server thread/INFO]: Preparing start region for dimension 'world'/minecraft:overworld
[04:33:48] [Server thread/INFO]: Preparing spawn area: 0%
[04:33:48] [Server thread/INFO]: Preparing spawn area: 0%
[04:33:49] [Server thread/INFO]: Preparing spawn area: 1%
[04:33:49] [Server thread/INFO]: Preparing spawn area: 9%
[04:33:50] [Server thread/INFO]: Preparing spawn area: 24%
[04:33:50] [Server thread/INFO]: Preparing spawn area: 41%
[04:33:51] [Server thread/INFO]: Preparing spawn area: 59%
[04:33:51] [Server thread/INFO]: Preparing spawn area: 78%
[04:33:52] [Server thread/INFO]: Preparing spawn area: 98%
[04:33:52] [Server thread/INFO]: Preparing spawn area: 100%
[04:33:53] [Server thread/INFO]: Loaded 441 spawn chunks for world world
[04:33:53] [Server thread/INFO]: Time elapsed: 4920 ms
[04:33:53] [Server thread/INFO]: Preparing start region for dimension 'world_nether'/minecraft:the_nether
[04:33:53] [Server thread/INFO]: Preparing spawn area: 0%
[04:33:53] [Server thread/INFO]: Preparing spawn area: 12%
[04:33:54] [Server thread/INFO]: Preparing spawn area: 41%
[04:33:54] [Server thread/INFO]: Preparing spawn area: 71%
[04:33:55] [Server thread/INFO]: Preparing spawn area: 100%
[04:33:55] [Server thread/INFO]: Preparing spawn area: 100%
[04:33:56] [Server thread/INFO]: Preparing spawn area: 100%
[04:33:56] [Server thread/INFO]: Preparing spawn area: 100%
[04:33:57] [Server thread/INFO]: Preparing spawn area: 100%
[04:33:57] [Server thread/INFO]: Preparing spawn area: 100%
[04:33:58] [Server thread/INFO]: Preparing spawn area: 100%
[04:33:58] [Server thread/INFO]: Preparing spawn area: 100%
[04:33:59] [Server-Worker-1/INFO]: Preparing spawn area: 100%
[04:33:59] [Server-Worker-2/INFO]: Preparing spawn area: 100%
[04:34:00] [Server thread/INFO]: Preparing spawn area: 100%
[04:34:00] [Server-Worker-1/INFO]: Preparing spawn area: 100%
[04:34:01] [Server thread/INFO]: Preparing spawn area: 100%
[04:34:01] [Server thread/INFO]: Preparing spawn area: 100%
[04:34:02] [Server thread/INFO]: Preparing spawn area: 100%
[04:34:02] [Server thread/INFO]: Preparing spawn area: 100%
[04:34:03] [Server thread/INFO]: Preparing spawn area: 100%
[04:34:03] [Server thread/INFO]: Preparing spawn area: 100%
[04:34:04] [Server thread/INFO]: Preparing spawn area: 100%
[04:34:04] [Server thread/INFO]: Preparing spawn area: 100%
[04:34:05] [Server thread/INFO]: Preparing spawn area: 100%
[04:34:05] [Server thread/INFO]: Loaded 441 spawn chunks for world world_nether
[04:34:05] [Server thread/INFO]: Time elapsed: 12099 ms
[04:34:05] [Server thread/INFO]: Preparing start region for dimension 'world_the_end'/minecraft:the_end
[04:34:05] [Server thread/INFO]: Preparing spawn area: 0%
[04:34:05] [Server thread/INFO]: Preparing spawn area: 100%
[04:34:06] [Server thread/INFO]: Loaded 441 spawn chunks for world world_the_end
[04:34:06] [Server thread/INFO]: Time elapsed: 845 ms
[04:34:06] [Server thread/INFO]: [TigerReports] Enabling TigerReports v4.9.11*
[04:34:06] [Server thread/INFO]: [TigerReports] Le plugin utilise BungeeCord.
[04:34:06] [Server thread/INFO]: [AntiCreeper] Enabling AntiCreeper v5.0
[04:34:06] [Server thread/INFO]: [AntiCreeper] brought to you by Filbert66
[04:34:06] [Server thread/INFO]: [AntiLag] Enabling AntiLag v2.0*
[04:34:06] [Server thread/INFO]: [LoginSecurity] Enabling LoginSecurity v2.1.9*
[04:34:06] [Server thread/INFO]: [LoginSecurity] Loading base translations from "en_us"
[04:34:06] [Server thread/INFO]: [LoginSecurity] Loading specified translations from "es_mx"
[04:34:06] [Server thread/INFO]: [LoginSecurity] Connection to database....
[04:34:06] [Server thread/ERROR]: [com.avaje.ebean.config.PropertyMapLoader] ebean.properties not found
[04:34:06] [Server thread/INFO]: [com.avaje.ebeaninternal.server.lib.sql.DataSourcePool] DataSourcePool [LoginSecurityDB] autoCommit[false] transIsolation[SERIALIZABLE] min[2] max[20]
[04:34:07] [Server thread/INFO]: [com.avaje.ebeaninternal.server.subclass.SubClassManager] SubClassFactory parent ClassLoader [org.bukkit.plugin.java.PluginClassLoader]
[04:34:07] [Server thread/INFO]: [com.avaje.ebeaninternal.server.deploy.BeanDescriptorManager] Explicit Identity on com.lenis0012.bukkit.loginsecurity.storage.PlayerProfile but not supported by DB Platform - ignored
[04:34:07] [Server thread/INFO]: [com.avaje.ebeaninternal.server.deploy.BeanDescriptorManager] Explicit Identity on com.lenis0012.bukkit.loginsecurity.storage.PlayerInventory but not supported by DB Platform - ignored
[04:34:07] [Server thread/INFO]: [com.avaje.ebeaninternal.server.deploy.BeanDescriptorManager] Explicit Identity on com.lenis0012.bukkit.loginsecurity.storage.PlayerLocation but not supported by DB Platform - ignored
[04:34:07] [Server thread/INFO]: [com.avaje.ebeaninternal.server.deploy.BeanDescriptorManager] Explicit Identity on com.lenis0012.bukkit.loginsecurity.storage.ActionEntry but not supported by DB Platform - ignored
[04:34:07] [Server thread/INFO]: [com.avaje.ebeaninternal.server.deploy.BeanDescriptorManager] Explicit Identity on com.lenis0012.bukkit.loginsecurity.storage.Migration but not supported by DB Platform - ignored
[04:34:07] [Server thread/INFO]: [com.avaje.ebeaninternal.server.deploy.BeanDescriptorManager] Entities enhanced[0] subclassed[5]
[04:34:07] [Server thread/INFO]: [LoginSecurity] Checking database version...
[04:34:08] [Server thread/INFO]: [LoginSecurity] Applied 0 missing database upgrades.
[04:34:08] [Server thread/INFO]: [LoginSecurity] Registering commands...
[04:34:08] [Server thread/INFO]: [LoginSecurity] Registering listeners...
[04:34:08] [Server thread/INFO]: [LoginSecurity] Using 1.12+ map captcha renderer
[04:34:08] [Server thread/INFO]: [PlaceholderAPI] Enabling PlaceholderAPI v2.10.4
[04:34:08] [Server thread/INFO]: [PlaceholderAPI] Fetching available expansion information...
[04:34:08] [Server thread/INFO]: [MineableSpawners] Enabling MineableSpawners v2.0.8
[04:34:08] [Server thread/INFO]: [PlugMan] Enabling PlugMan v2.1.7
[04:34:08] [Server thread/INFO]: [NametagEdit] Enabling NametagEdit v4.4.6*
[04:34:08] [Server thread/INFO]: [NametagEdit] Found PermissionsEx! Hooking in.
[04:34:09] [Server thread/WARN]: [NametagEdit] Loaded class ru.tehkode.permissions.events.PermissionEntityEvent from PermissionsEx v1.23.4 which is not a depend, softdepend or loadbefore of this plugin.
[04:34:09] [Server thread/INFO]: [CommandSpy] Enabling CommandSpy v2.0*
[04:34:09] [Server thread/INFO]: [WorldGuard] Enabling WorldGuard v7.0.2-SNAPSHOT;bf2593e
[04:34:09] [Server thread/INFO]: [WorldGuard] (world) TNT ignition is PERMITTED.
[04:34:09] [Server thread/INFO]: [WorldGuard] (world) Lighters are PERMITTED.
[04:34:09] [Server thread/INFO]: [WorldGuard] (world) Lava fire is blocked.
[04:34:09] [Server thread/INFO]: [WorldGuard] (world) Fire spread is UNRESTRICTED.
[04:34:09] [Server thread/INFO]: [WorldGuard] Loaded configuration for world 'world'
[04:34:09] [Server thread/INFO]: [WorldGuard] (world_nether) TNT ignition is PERMITTED.
[04:34:09] [Server thread/INFO]: [WorldGuard] (world_nether) Lighters are PERMITTED.
[04:34:09] [Server thread/INFO]: [WorldGuard] (world_nether) Lava fire is blocked.
[04:34:09] [Server thread/INFO]: [WorldGuard] (world_nether) Fire spread is UNRESTRICTED.
[04:34:09] [Server thread/INFO]: [WorldGuard] Loaded configuration for world 'world_nether'
[04:34:09] [Server thread/INFO]: [WorldGuard] (world_the_end) TNT ignition is PERMITTED.
[04:34:09] [Server thread/INFO]: [WorldGuard] (world_the_end) Lighters are PERMITTED.
[04:34:09] [Server thread/INFO]: [WorldGuard] (world_the_end) Lava fire is blocked.
[04:34:09] [Server thread/INFO]: [WorldGuard] (world_the_end) Fire spread is UNRESTRICTED.
[04:34:09] [Server thread/INFO]: [WorldGuard] Loaded configuration for world 'world_the_end'
[04:34:09] [Server thread/INFO]: [WorldGuard] Loading region data...
[04:34:09] [Server thread/INFO]: [Clans] Enabling Clans v0.4.0
[04:34:10] [Server thread/WARN]: [Clans] Loaded class me.clip.placeholderapi.expansion.PlaceholderExpansion from PlaceholderAPI v2.10.4 which is not a depend, softdepend or loadbefore of this plugin.
[04:34:10] [Server thread/WARN]: [Clans] Loaded class be.maximvdw.placeholderapi.PlaceholderReplacer from MVdWPlaceholderAPI v2.5.1 which is not a depend, softdepend or loadbefore of this plugin.
[04:34:10] [Server thread/INFO]: [Multiverse-Core] Enabling Multiverse-Core v2.5-b719*
[04:34:10] [Server thread/WARN]: [Multiverse-Core] Loaded class net.milkbowl.vault.economy.Economy from Vault v1.7.2-b107 which is not a depend, softdepend or loadbefore of this plugin.
[04:34:10] [Server thread/WARN]: [Multiverse-Core] "Multiverse-Core v2.5-b719" has registered a listener for org.bukkit.event.entity.EntityCreatePortalEvent on method "public void com.onarandombox.MultiverseCore.listeners.MVPortalListener.entityPortalCreate(org.bukkit.event.entity.EntityCreatePortalEvent)", but the event is Deprecated. "Server performance will be affected"; please notify the authors [Rigby, fernferret, lithium3141, main--].
[04:34:11] [Server thread/INFO]: -------- World Settings For [warps] --------
[04:34:11] [Server thread/INFO]: View Distance: 10
[04:34:11] [Server thread/INFO]: Allow Zombie Pigmen to spawn from portal blocks: true
[04:34:11] [Server thread/INFO]: Item Merge Radius: 2.5
[04:34:11] [Server thread/INFO]: Item Despawn Rate: 6000
[04:34:11] [Server thread/INFO]: Arrow Despawn Rate: 1200 Trident Respawn Rate:1200
[04:34:11] [Server thread/INFO]: Zombie Aggressive Towards Villager: true
[04:34:11] [Server thread/INFO]: Nerfing mobs spawned from spawners: false
[04:34:11] [Server thread/INFO]: Max TNT Explosions: 100
[04:34:11] [Server thread/INFO]: Tile Max Tick Time: 50ms Entity max Tick Time: 50ms
[04:34:11] [Server thread/INFO]: Entity Activation Range: An 32 / Mo 32 / Ra 48 / Mi 16 / Tiv true
[04:34:11] [Server thread/INFO]: Entity Tracking Range: Pl 48 / An 48 / Mo 48 / Mi 32 / Other 64
[04:34:11] [Server thread/INFO]: Hopper Transfer: 8 Hopper Check: 1 Hopper Amount: 1
[04:34:11] [Server thread/INFO]: Custom Map Seeds:  Village: 10387312 Desert: 14357617 Igloo: 14357618 Jungle: 14357619 Swamp: 14357620 Monument: 10387313 Ocean: 14357621 Shipwreck: 165745295 Slime: 987234911
[04:34:11] [Server thread/INFO]: Experience Merge Radius: 3.0
[04:34:11] [Server thread/INFO]: Mob Spawn Range: 4
[04:34:11] [Server thread/INFO]: Cactus Growth Modifier: 100%
[04:34:11] [Server thread/INFO]: Cane Growth Modifier: 100%
[04:34:11] [Server thread/INFO]: Melon Growth Modifier: 100%
[04:34:11] [Server thread/INFO]: Mushroom Growth Modifier: 100%
[04:34:11] [Server thread/INFO]: Pumpkin Growth Modifier: 100%
[04:34:11] [Server thread/INFO]: Sapling Growth Modifier: 100%
[04:34:11] [Server thread/INFO]: Beetroot Growth Modifier: 100%
[04:34:11] [Server thread/INFO]: Carrot Growth Modifier: 100%
[04:34:11] [Server thread/INFO]: Potato Growth Modifier: 100%
[04:34:11] [Server thread/INFO]: Wheat Growth Modifier: 100%
[04:34:11] [Server thread/INFO]: NetherWart Growth Modifier: 100%
[04:34:11] [Server thread/INFO]: Vine Growth Modifier: 100%
[04:34:11] [Server thread/INFO]: Cocoa Growth Modifier: 100%
[04:34:11] [Server thread/INFO]: Bamboo Growth Modifier: 100%
[04:34:11] [Server thread/INFO]: SweetBerry Growth Modifier: 100%
[04:34:11] [Server thread/INFO]: Kelp Growth Modifier: 100%
[04:34:11] [Server thread/INFO]: Preparing start region for dimension 'warps'/minecraft:overworld
[04:34:11] [Server thread/INFO]: Preparing spawn area: 0%
[04:34:11] [Server thread/INFO]: Preparing spawn area: 30%
[04:34:12] [Server thread/INFO]: Preparing spawn area: 100%
[04:34:12] [Server thread/INFO]: Loaded 441 spawn chunks for world warps
[04:34:12] [Server thread/INFO]: Time elapsed: 1239 ms
[04:34:12] [Server thread/INFO]: [WorldGuard] (warps) TNT ignition is PERMITTED.
[04:34:12] [Server thread/INFO]: [WorldGuard] (warps) Lighters are PERMITTED.
[04:34:12] [Server thread/INFO]: [WorldGuard] (warps) Lava fire is blocked.
[04:34:12] [Server thread/INFO]: [WorldGuard] (warps) Fire spread is UNRESTRICTED.
[04:34:12] [Server thread/INFO]: [WorldGuard] Loaded configuration for world 'warps'
[04:34:12] [Server thread/INFO]: -------- World Settings For [tiendas] --------
[04:34:12] [Server thread/INFO]: View Distance: 10
[04:34:12] [Server thread/INFO]: Allow Zombie Pigmen to spawn from portal blocks: true
[04:34:12] [Server thread/INFO]: Item Merge Radius: 2.5
[04:34:12] [Server thread/INFO]: Item Despawn Rate: 6000
[04:34:12] [Server thread/INFO]: Arrow Despawn Rate: 1200 Trident Respawn Rate:1200
[04:34:12] [Server thread/INFO]: Zombie Aggressive Towards Villager: true
[04:34:12] [Server thread/INFO]: Nerfing mobs spawned from spawners: false
[04:34:12] [Server thread/INFO]: Max TNT Explosions: 100
[04:34:12] [Server thread/INFO]: Tile Max Tick Time: 50ms Entity max Tick Time: 50ms
[04:34:12] [Server thread/INFO]: Entity Activation Range: An 32 / Mo 32 / Ra 48 / Mi 16 / Tiv true
[04:34:12] [Server thread/INFO]: Entity Tracking Range: Pl 48 / An 48 / Mo 48 / Mi 32 / Other 64
[04:34:12] [Server thread/INFO]: Hopper Transfer: 8 Hopper Check: 1 Hopper Amount: 1
[04:34:12] [Server thread/INFO]: Custom Map Seeds:  Village: 10387312 Desert: 14357617 Igloo: 14357618 Jungle: 14357619 Swamp: 14357620 Monument: 10387313 Ocean: 14357621 Shipwreck: 165745295 Slime: 987234911
[04:34:12] [Server thread/INFO]: Experience Merge Radius: 3.0
[04:34:12] [Server thread/INFO]: Mob Spawn Range: 4
[04:34:12] [Server thread/INFO]: Cactus Growth Modifier: 100%
[04:34:12] [Server thread/INFO]: Cane Growth Modifier: 100%
[04:34:12] [Server thread/INFO]: Melon Growth Modifier: 100%
[04:34:12] [Server thread/INFO]: Mushroom Growth Modifier: 100%
[04:34:12] [Server thread/INFO]: Pumpkin Growth Modifier: 100%
[04:34:12] [Server thread/INFO]: Sapling Growth Modifier: 100%
[04:34:12] [Server thread/INFO]: Beetroot Growth Modifier: 100%
[04:34:12] [Server thread/INFO]: Carrot Growth Modifier: 100%
[04:34:12] [Server thread/INFO]: Potato Growth Modifier: 100%
[04:34:12] [Server thread/INFO]: Wheat Growth Modifier: 100%
[04:34:12] [Server thread/INFO]: NetherWart Growth Modifier: 100%
[04:34:12] [Server thread/INFO]: Vine Growth Modifier: 100%
[04:34:12] [Server thread/INFO]: Cocoa Growth Modifier: 100%
[04:34:12] [Server thread/INFO]: Bamboo Growth Modifier: 100%
[04:34:12] [Server thread/INFO]: SweetBerry Growth Modifier: 100%
[04:34:12] [Server thread/INFO]: Kelp Growth Modifier: 100%
[04:34:12] [Server thread/INFO]: Preparing start region for dimension 'tiendas'/minecraft:overworld
[04:34:12] [Server thread/INFO]: Preparing spawn area: 0%
[04:34:13] [Server thread/INFO]: Preparing spawn area: 70%
[04:34:13] [Server thread/INFO]: Loaded 441 spawn chunks for world tiendas
[04:34:13] [Server thread/INFO]: Time elapsed: 833 ms
[04:34:13] [Server thread/INFO]: [WorldGuard] (tiendas) TNT ignition is PERMITTED.
[04:34:13] [Server thread/INFO]: [WorldGuard] (tiendas) Lighters are PERMITTED.
[04:34:13] [Server thread/INFO]: [WorldGuard] (tiendas) Lava fire is blocked.
[04:34:13] [Server thread/INFO]: [WorldGuard] (tiendas) Fire spread is UNRESTRICTED.
[04:34:13] [Server thread/INFO]: [WorldGuard] Loaded configuration for world 'tiendas'
[04:34:13] [Server thread/INFO]: [Multiverse-Core] 5 - World(s) loaded.
[04:34:13] [Server thread/INFO]: [Multiverse-Core] Version 2.5-b719 (API v20) Enabled - By Rigby, fernferret, lithium3141 and main--
[04:34:13] [Server thread/INFO]: [SkinsRestorer] Enabling SkinsRestorer v13.7.5
[04:34:13] [Server thread/INFO]: [SkinsRestorer] Detected Minecraft v1_15_R1, using UniversalSkinFactory.
[04:34:13] [Server thread/INFO]: [SkinsRestorer] DefaultSkins.ApplyForPremium is missing in config.yml! Using default value.
[04:34:13] [Server thread/INFO]: [SkinsRestorer] Updater.PeriodicChecks is missing in config.yml! Using default value.
[04:34:13] [Server thread/INFO]: [SkinsRestorer] Permissions.NewPermissions is missing in config.yml! Using default value.
[04:34:13] [Server thread/INFO]: [SkinsRestorer] PerSkinPermissions is missing in config.yml! Using default value.
[04:34:13] [Server thread/INFO]: [SkinsRestorer] UseOldSkinHelp is missing in config.yml! Using default value.
[04:34:13] [Server thread/INFO]: [SkinsRestorer] Verbose is missing in config.yml! Using default value.
[04:34:13] [Server thread/INFO]: [SkinsRestorer] NoSkinIfLoginCanceled is missing in config.yml! Using default value.
[04:34:13] [Server thread/INFO]: [SkinsRestorer] [ACF] Enabled Asynchronous Tab Completion Support!
[04:34:14] [Server thread/INFO]: [MVdWPlaceholderAPI] Enabling MVdWPlaceholderAPI v2.5.1*
[04:34:14] [Server thread/INFO]: [MVdWPlaceholderAPI] Initializing ...
[04:34:14] [Server thread/INFO]: [MVdWPlaceholderAPI] Sending metrics ...
[04:34:14] [Server thread/INFO]: [UberEnchant] Enabling UberEnchant v8.6
[04:34:14] [Server thread/WARN]: [UberEnchant] Loaded class net.milkbowl.vault.economy.Economy from Vault v1.7.2-b107 which is not a depend, softdepend or loadbefore of this plugin.
[04:34:14] [Server thread/INFO]: [sleep-most] Enabling sleep-most v3.6.1*
[04:34:14] [Server thread/INFO]: [EditableSign] [32m[EditableSign] Enabling EditableSign v7.0.4[0m
[04:34:14] [Server thread/INFO]: [VKLib] [32m[VKLib] [VKLib:AddOn.loadAddOns()] 0 addon modules found! Loading them up![0m
[04:34:14] [Server thread/INFO]: [EditableSign] [32m[EditableSign] EditableSign version 7.0.4 is Enabled[0m
[04:34:14] [Server thread/INFO]: [CraftEnhance] Enabling CraftEnhance v2.3.4
[04:34:14] [Server thread/INFO]: Reloading ResourceManager: Default, bukkit, coordinates hud v1.1.1.zip, double shulker shells v1.0.3.zip, dragon drops elytra v1.0.2.zip, more mob heads v2.1.0.zip, multiplayer sleep v1.0.1.zip, nether portal coords v1.0.0.zip, silence mobs v1.0.0.zip, terracotta rotation wrench v1.0.1.zip
[04:34:15] [Server thread/INFO]: Loaded 6 recipes
[04:34:15] [Server thread/WARN]: Datapack tried to redefine minecraft:empty loot table, ignoring
[04:34:15] [Server thread/INFO]: Loaded 38 custom command functions
[04:34:15] [Server thread/INFO]: [CraftEnhance] CraftEnhance is managed and developed by DutchJelly.
[04:34:15] [Server thread/INFO]: [CraftEnhance] If you find a bug in the plugin, please report it to https://dev.bukkit.org/projects/craftenhance.
[04:34:15] [Server thread/INFO]: [CraftEnhance] Running a version check to check that the server is compatible with game version 1.13, 1.14, 1.15.
[04:34:15] [Server thread/INFO]: [CraftEnhance] The correct version is installed.
[04:34:16] [Server thread/INFO]: [CraftEnhance] CraftEnhance is up to date.
[04:34:16] [Server thread/INFO]: [AntiVPN] Enabling AntiVPN v5.11.37
[04:34:16] [Server thread/INFO]: [AntiVPN] [ACF] Enabled Asynchronous Tab Completion Support!
[04:34:17] [Server thread/INFO]: [com.zaxxer.hikari.HikariDataSource] AntiVPN-SQLite - Starting...
[04:34:17] [Server thread/INFO]: [com.zaxxer.hikari.HikariDataSource] AntiVPN-SQLite - Start completed.
[04:34:18] [Server thread/INFO]: [Anti-VPN] Plan was not found. Support for it has been disabled.
[04:34:18] [Server thread/INFO]: [Anti-VPN] Enabling support for PlaceholderAPI
[04:34:18] [Server thread/INFO]: [Anti-VPN] Enabled
[04:34:18] [Server thread/INFO]: [Anti-VPN] [Version 5.11.37] [2 Commands] [3 Events] [0 Tasks]
[04:34:18] [Server thread/INFO]: [PermissionsEx] Enabling PermissionsEx v1.23.4*
[04:34:18] [Server thread/INFO]: [PermissionsEx] Initializing file backend
[04:34:18] [Server thread/INFO]: [PermissionsEx] Permissions file successfully reloaded
[04:34:18] [Server thread/INFO]: WEPIF: PermissionsEx detected! Using PermissionsEx for permissions.
[04:34:18] [Server thread/INFO]: [Vault][Permission] PermissionsEx hooked.
[04:34:18] [Server thread/INFO]: [Vault] [Vault][Chat] PermissionsEx_Chat hooked.
[04:34:18] [Server thread/INFO]: [ClansChatAddon] Enabling ClansChatAddon v0.0.5
[04:34:18] [Server thread/INFO]: [GameModeInventories] Enabling GameModeInventories v3.1
[04:34:18] [Server thread/INFO]: [Essentials] Enabling Essentials v2.17.1.0
[04:34:19] [Server thread/ERROR]: [Essentials] You are running an unsupported server version!
[04:34:19] [Thread-16/WARN]: [PermissionsEx] The updater could not find any files for the project id 31279
[04:34:19] [Server thread/INFO]: [Essentials] Using 1.8.3+ BlockStateMeta provider as mob spawner provider.
[04:34:19] [Server thread/INFO]: [Essentials] Using 1.13+ flat spawn egg provider as spawn egg provider.
[04:34:19] [Server thread/INFO]: [Essentials] Using 1.9+ BasePotionData provider as potion meta provider.
[04:34:19] [Server thread/INFO]: [Essentials] Loaded 20977 items from items.json.
[04:34:19] [Server thread/INFO]: [Essentials] Using locale es
[04:34:19] [Server thread/INFO]: [Essentials] ServerListPingEvent: Spigot iterator API
[04:34:19] [Server thread/INFO]: [Essentials] Starting Metrics. Opt-out using the global bStats config.
[04:34:19] [Server thread/INFO]: [Vault] [Vault][Economy] Essentials Economy hooked.
[04:34:19] [Server thread/INFO]: [Essentials] Using Vault based permissions (PermissionsEx)
[04:34:19] [Server thread/INFO]: [Matrix] Enabling Matrix v4.3.5
[04:34:19] [Server thread/INFO]:    _____
[04:34:19] [Server thread/INFO]:   |  |  |   Matrix AntiCheat v4.3.5
[04:34:19] [Server thread/INFO]:   |  |  |   Environment: git-Paper-115 (MC: 1.15.2)
[04:34:19] [Server thread/INFO]: 
[04:34:19] [Server thread/INFO]: [Matrix] Initializing the NMSVisitor (v1_15_R1)
[04:34:20] [Server thread/INFO]: [Matrix] Enabled 20 checks, Disabled 0 checks
[04:34:20] [Server thread/INFO]: [Matrix] Loaded all configuration files
[04:34:20] [Server thread/INFO]: [Matrix] Initializing the thread pool (size: 10)
[04:34:21] [Server thread/INFO]: [Matrix] Loaded 96 ML models
[04:34:21] [Server thread/INFO]: [Matrix] Hooked with PlaceholderAPI
[04:34:21] [Server thread/INFO]: [Announcer] Enabling Announcer v1.7.4*
[04:34:21] [Server thread/INFO]: Announcer v1.7.4 is enabled!

[04:34:21] [Server thread/INFO]: [HolographicDisplays] Enabling HolographicDisplays v2.4.1
[04:34:21] [Server thread/INFO]: [HolographicDisplays] Enabled player relative placeholders with ProtocolLib.
[04:34:21] [Server thread/INFO]: [KarenProtect] Enabling KarenProtect v1.5.9*
[04:34:21] [Server thread/INFO]: KarenProtect: Wrappering to wg7
[04:34:21] [Server thread/INFO]: [KarenProtect] WorldGuard Version 7.0.2-SNAPSHOT;bf2593e
[04:34:21] [Server thread/INFO]: [KarenProtect] Block ID: SPONGE X:25 Y:50 Z:25 Loaded!
[04:34:21] [Server thread/INFO]: [KarenProtect] Block ID: DIAMOND_ORE X:13 Y:14 Z:15 Loaded!
[04:34:21] [Server thread/INFO]: [KarenProtect] Block ID: QUARTZ_BLOCK X:13 Y:14 Z:15 Loaded!
[04:34:21] [Server thread/INFO]: [KarenProtect] Block ID: EMERALD_ORE X:13 Y:14 Z:15 Loaded!
[04:34:21] [Server thread/INFO]: [KarenProtect] KarenProtect 1.5.9 has successfully started!
[04:34:21] [Server thread/INFO]: [EssentialsXMPP] Enabling EssentialsXMPP v2.17.1.0
[04:34:21] [Server thread/WARN]: [EssentialsXMPP] config broken for xmpp
[04:34:21] [Server thread/INFO]: [LockettePro] Enabling LockettePro v2.9.10
[04:34:21] [Server thread/WARN]: [LockettePro] ===================================
[04:34:21] [Server thread/WARN]: [LockettePro] BURNING_FURNACE is not a block!
[04:34:21] [Server thread/INFO]: [ChestCommands] Enabling ChestCommands v3.2.0
[04:34:21] [Server thread/INFO]: [EssentialsProtect] Enabling EssentialsProtect v2.17.1.0
[04:34:21] [Server thread/INFO]: [EssentialsProtect] Continuing to enable Protect.
[04:34:21] [Server thread/INFO]: [EssentialsChat] Enabling EssentialsChat v2.17.1.0
[04:34:21] [Server thread/INFO]: [EssentialsAntiBuild] Enabling EssentialsAntiBuild v2.17.1.0
[04:34:21] [Server thread/INFO]: [RandomTeleport] [32m[RandomTeleport] Enabling RandomTeleport v7.9.2[0m
[04:34:21] [Server thread/INFO]: [RandomTeleport] [32m[RandomTeleport] [RandomTeleport] using [WorldGuard] for world[0m
[04:34:21] [Server thread/INFO]: [RandomTeleport] [32m[RandomTeleport] [RandomTeleport] using [WorldGuard, PlotSquared] for plotworld[0m
[04:34:21] [Server thread/INFO]: [RandomTeleport] [32m[RandomTeleport] [RandomTeleport] using [WorldGuard, Factions] for pvp[0m
[04:34:21] [Server thread/INFO]: [RandomTeleport] [32m[RandomTeleport] RandomTeleport version 7.9.2 is Enabled[0m
[04:34:21] [Server thread/INFO]: [EssentialsSpawn] Enabling EssentialsSpawn v2.17.1.0
[04:34:21] [Server thread/INFO]: [PvPManager] Enabling PvPManager v3.6
[04:34:21] [Server thread/INFO]: [PvPManager] Loaded 19 players from users file
[04:34:21] [Server thread/INFO]: [PvPManager] WorldGuard Found! Enabling Support For WorldGuard Regions
[04:34:21] [Server thread/INFO]: [PvPManager] Essentials Found! Hooked successfully
[04:34:21] [Server thread/INFO]: [PvPManager] Vault Found! Using it for currency related features
[04:34:21] [Server thread/INFO]: [PvPManager] PvPManager Enabled (124 ms)
[04:34:22] [Server thread/INFO]: [PlaceholderAPI] Placeholder expansion registration initializing...
[04:34:22] [Server thread/INFO]: Done (59.758s)! For help, type "help"
[04:34:22] [Server thread/INFO]: Timings Reset
[04:34:22] [Craft Scheduler Thread - 6/INFO]: [TigerReports] Le plugin utilise la base de donnees SQLite (par defaut).
[04:34:22] [Craft Scheduler Thread - 21/INFO]: [PvPManager] Checking for updates...
[04:34:22] [Craft Scheduler Thread - 16/INFO]: [Matrix] Start checking update....
[04:34:22] [Craft Scheduler Thread - 4/INFO]: [AnimationLib] A new version is available: 1.6.9
[04:34:23] [Craft Scheduler Thread - 16/INFO]: > Matrix Updater:
[04:34:23] [Craft Scheduler Thread - 16/INFO]:     You are using the latest version of Matrix-AntiCheat <3
[04:34:23] [Craft Scheduler Thread - 13/INFO]: [SkinsRestorer] ----------------------------------------------
[04:34:23] [Craft Scheduler Thread - 13/INFO]: [SkinsRestorer]     +===============+
[04:34:23] [Craft Scheduler Thread - 13/INFO]: [SkinsRestorer]     | SkinsRestorer |
[04:34:23] [Craft Scheduler Thread - 13/INFO]: [SkinsRestorer]     +===============+
[04:34:23] [Craft Scheduler Thread - 13/INFO]: [SkinsRestorer] ----------------------------------------------
[04:34:23] [Craft Scheduler Thread - 13/INFO]: [SkinsRestorer]     Current version: 13.7.5
[04:34:23] [Craft Scheduler Thread - 13/INFO]: [SkinsRestorer]     This is the latest version!
[04:34:23] [Craft Scheduler Thread - 13/INFO]: [SkinsRestorer] ----------------------------------------------
[04:34:23] [Craft Scheduler Thread - 21/INFO]: [PvPManager] No update found
[04:34:23] [Craft Scheduler Thread - 14/INFO]: [Matrix] Plugin Enabled
[04:34:24] [Craft Scheduler Thread - 10/INFO]: [PlaceholderAPI] 168 placeholder expansions are available on the cloud.
[04:34:24] [Server thread/INFO]: [NametagEdit] [DEBUG] Applied tags to all online players.
[04:34:24] [Craft Scheduler Thread - 14/INFO]: [Vault] Checking for Updates ... 
[04:34:24] [Craft Scheduler Thread - 14/INFO]: [Vault] No new version available
[04:34:24] [Server thread/INFO]: [MVdWPlaceholderAPI] Clans added custom placeholder {clan_leader}
[04:34:24] [Server thread/INFO]: [MVdWPlaceholderAPI] Clans added custom placeholder {clan_kills}
[04:34:24] [Server thread/INFO]: [MVdWPlaceholderAPI] Clans added custom placeholder {colored_clan_tag}
[04:34:24] [Server thread/INFO]: [MVdWPlaceholderAPI] Clans added custom placeholder {clan_tag}
[04:34:30] [User Authenticator #1/INFO]: UUID of player juegapaco is 85a91c1c-b3fb-313a-bb0e-661fce95667b
[04:34:32] [Server thread/INFO]: juegapaco[/187.190.146.208:17418] logged in with entity id 194 at ([world]4329392.185328841, 201.0, -2.297836561396219E7)
[04:34:32] [Craft Scheduler Thread - 17/INFO]: [NametagEdit] [DEBUG] Applying GroupTag to juegapaco
[04:34:32] [Server thread/WARN]: [Essentials] Task #127 for Essentials v2.17.1.0 generated an exception
java.lang.NullPointerException: null
	at com.earth2me.essentials.xmpp.XMPPManager.updatePresence(XMPPManager.java:146) ~[?:?]
	at com.earth2me.essentials.xmpp.EssentialsXMPP.updatePresence(EssentialsXMPP.java:113) ~[?:?]
	at org.bukkit.craftbukkit.v1_15_R1.scheduler.CraftTask.run(CraftTask.java:84) ~[spigot-1.9.jar:git-Paper-115]
	at org.bukkit.craftbukkit.v1_15_R1.scheduler.CraftScheduler.mainThreadHeartbeat(CraftScheduler.java:452) ~[spigot-1.9.jar:git-Paper-115]
	at net.minecraft.server.v1_15_R1.MinecraftServer.b(MinecraftServer.java:1185) ~[spigot-1.9.jar:git-Paper-115]
	at net.minecraft.server.v1_15_R1.DedicatedServer.b(DedicatedServer.java:430) ~[spigot-1.9.jar:git-Paper-115]
	at net.minecraft.server.v1_15_R1.MinecraftServer.a(MinecraftServer.java:1112) ~[spigot-1.9.jar:git-Paper-115]
	at net.minecraft.server.v1_15_R1.MinecraftServer.run(MinecraftServer.java:934) ~[spigot-1.9.jar:git-Paper-115]
	at java.lang.Thread.run(Thread.java:748) [?:1.8.0_242]
[04:34:32] [Server thread/INFO]: ⚠ juegapaco Entro al servidor
[04:34:32] [Server thread/INFO]: [NametagEdit] [DEBUG] Trying to use MVdWPlaceholderAPI for placeholders
[04:34:32] [Server thread/WARN]: [NametagEdit] Loaded class be.maximvdw.placeholderapi.PlaceholderAPI from MVdWPlaceholderAPI v2.5.1 which is not a depend, softdepend or loadbefore of this plugin.
[04:34:32] [Server thread/WARN]: [MVdWPlaceholderAPI] There is no MVdW placeholder plugin installed!
[04:34:32] [Server thread/WARN]: [MVdWPlaceholderAPI] Put on of Maximvdw's premium placeholder plugins in the server!
[04:34:32] [Server thread/INFO]: [NametagEdit] As the error above suggests, you do NOT have any placeholder plugins installed. The placeholder API is merely an interface, it requires other plugins to function. This is NOT an issue with NametagEdit.
[04:34:32] [Server thread/INFO]: [NametagEdit] [DEBUG] Trying to use PlaceholderAPI for placeholders
[04:34:32] [Server thread/WARN]: [NametagEdit] Loaded class me.clip.placeholderapi.PlaceholderAPI from PlaceholderAPI v2.10.4 which is not a depend, softdepend or loadbefore of this plugin.
[04:34:32] [Server thread/INFO]: [NametagEdit] [DEBUG] Trying to use MVdWPlaceholderAPI for placeholders
[04:34:32] [Server thread/WARN]: [MVdWPlaceholderAPI] There is no MVdW placeholder plugin installed!
[04:34:32] [Server thread/WARN]: [MVdWPlaceholderAPI] Put on of Maximvdw's premium placeholder plugins in the server!
[04:34:32] [Server thread/INFO]: [NametagEdit] As the error above suggests, you do NOT have any placeholder plugins installed. The placeholder API is merely an interface, it requires other plugins to function. This is NOT an issue with NametagEdit.
[04:34:32] [Server thread/INFO]: [NametagEdit] [DEBUG] Trying to use PlaceholderAPI for placeholders
[04:34:32] [Server thread/INFO]: [NametagEdit] [DEBUG] Created FakeTeam MHGSR_BBBB1. Size: 1
[04:34:32] [Server thread/INFO]: [NametagEdit] [DEBUG] juegapaco has been added to team MHGSR_BBBB1
[04:34:32] [Server thread/INFO]: [NametagEdit] [DEBUG] Trying to use MVdWPlaceholderAPI for placeholders
[04:34:32] [Server thread/WARN]: [MVdWPlaceholderAPI] There is no MVdW placeholder plugin installed!
[04:34:32] [Server thread/WARN]: [MVdWPlaceholderAPI] Put on of Maximvdw's premium placeholder plugins in the server!
[04:34:32] [Server thread/INFO]: [NametagEdit] As the error above suggests, you do NOT have any placeholder plugins installed. The placeholder API is merely an interface, it requires other plugins to function. This is NOT an issue with NametagEdit.
[04:34:32] [Server thread/INFO]: [NametagEdit] [DEBUG] Trying to use PlaceholderAPI for placeholders
[04:34:38] [Server thread/WARN]: Can't keep up! Is the server overloaded? Running 5126ms or 102 ticks behind
[04:34:42] [Async Chat Thread - #0/INFO]: MAFIA * juegapaco: xd
[05:18:18] [Server thread/INFO]: juegapaco issued server command: /home home
[05:22:40] [Server thread/INFO]: juegapaco issued server command: /spawn
[05:24:52] [Server thread/INFO]: juegapaco issued server command: /home home
[05:28:54] [Server thread/INFO]: juegapaco lost connection: Disconnected
[05:28:54] [Server thread/INFO]: [NametagEdit] [DEBUG] juegapaco was removed from MHGSR_BBBB1
[05:28:54] [Server thread/INFO]: [NametagEdit] [DEBUG] FakeTeam MHGSR_BBBB1 has been deleted. Size: 0
[05:28:55] [Server thread/INFO]: ⚡ juegapaco Salio del servidor
[05:28:55] [Server thread/WARN]: [Essentials] Task #21953 for Essentials v2.17.1.0 generated an exception
java.lang.NullPointerException: null
	at com.earth2me.essentials.xmpp.XMPPManager.updatePresence(XMPPManager.java:142) ~[?:?]
	at com.earth2me.essentials.xmpp.EssentialsXMPP.updatePresence(EssentialsXMPP.java:113) ~[?:?]
	at org.bukkit.craftbukkit.v1_15_R1.scheduler.CraftTask.run(CraftTask.java:84) ~[spigot-1.9.jar:git-Paper-115]
	at org.bukkit.craftbukkit.v1_15_R1.scheduler.CraftScheduler.mainThreadHeartbeat(CraftScheduler.java:452) ~[spigot-1.9.jar:git-Paper-115]
	at net.minecraft.server.v1_15_R1.MinecraftServer.b(MinecraftServer.java:1185) ~[spigot-1.9.jar:git-Paper-115]
	at net.minecraft.server.v1_15_R1.DedicatedServer.b(DedicatedServer.java:430) ~[spigot-1.9.jar:git-Paper-115]
	at net.minecraft.server.v1_15_R1.MinecraftServer.a(MinecraftServer.java:1112) ~[spigot-1.9.jar:git-Paper-115]
	at net.minecraft.server.v1_15_R1.MinecraftServer.run(MinecraftServer.java:934) ~[spigot-1.9.jar:git-Paper-115]
	at java.lang.Thread.run(Thread.java:748) [?:1.8.0_242]
[05:57:48] [Server thread/INFO]: ⚡iAnti-Lagi⚡  La Limpieza AntiLag Comenzara En 5 Segundos
[05:57:49] [Server thread/INFO]: ⚡iAnti-Lagi⚡  La Limpieza AntiLag Comenzara En 4 Segundos
[05:57:50] [Server thread/INFO]: ⚡iAnti-Lagi⚡  La Limpieza AntiLag Comenzara En 3 Segundos
[05:57:51] [Server thread/INFO]: ⚡iAnti-Lagi⚡  La Limpieza AntiLag Comenzara En 2 Segundos
[05:57:52] [Server thread/INFO]: ⚡iAnti-Lagi⚡  La Limpieza AntiLag Comenzara En 1 Segundos
[05:57:53] [Server thread/INFO]: ⚡iAnti-Lagi⚡  Limpiando Server...
[07:21:08] [Server thread/INFO]: ⚡iAnti-Lagi⚡  La Limpieza AntiLag Comenzara En 5 Segundos
[07:21:09] [Server thread/INFO]: ⚡iAnti-Lagi⚡  La Limpieza AntiLag Comenzara En 4 Segundos
[07:21:10] [Server thread/INFO]: ⚡iAnti-Lagi⚡  La Limpieza AntiLag Comenzara En 3 Segundos
[07:21:11] [Server thread/INFO]: ⚡iAnti-Lagi⚡  La Limpieza AntiLag Comenzara En 2 Segundos
[07:21:12] [Server thread/INFO]: ⚡iAnti-Lagi⚡  La Limpieza AntiLag Comenzara En 1 Segundos
[07:21:13] [Server thread/INFO]: ⚡iAnti-Lagi⚡  Limpiando Server...
[08:44:28] [Server thread/INFO]: ⚡iAnti-Lagi⚡  La Limpieza AntiLag Comenzara En 5 Segundos
[08:44:29] [Server thread/INFO]: ⚡iAnti-Lagi⚡  La Limpieza AntiLag Comenzara En 4 Segundos
[08:44:30] [Server thread/INFO]: ⚡iAnti-Lagi⚡  La Limpieza AntiLag Comenzara En 3 Segundos
[08:44:31] [Server thread/INFO]: ⚡iAnti-Lagi⚡  La Limpieza AntiLag Comenzara En 2 Segundos
[08:44:32] [Server thread/INFO]: ⚡iAnti-Lagi⚡  La Limpieza AntiLag Comenzara En 1 Segundos
[08:44:33] [Server thread/INFO]: ⚡iAnti-Lagi⚡  Limpiando Server...
[09:34:27] [Craft Scheduler Thread - 159/INFO]: [PvPManager] Checking for updates...
[09:34:28] [Craft Scheduler Thread - 159/INFO]: [PvPManager] No update found
[10:07:48] [Server thread/INFO]: ⚡iAnti-Lagi⚡  La Limpieza AntiLag Comenzara En 5 Segundos
[10:07:49] [Server thread/INFO]: ⚡iAnti-Lagi⚡  La Limpieza AntiLag Comenzara En 4 Segundos
[10:07:50] [Server thread/INFO]: ⚡iAnti-Lagi⚡  La Limpieza AntiLag Comenzara En 3 Segundos
[10:07:51] [Server thread/INFO]: ⚡iAnti-Lagi⚡  La Limpieza AntiLag Comenzara En 2 Segundos
[10:07:52] [Server thread/INFO]: ⚡iAnti-Lagi⚡  La Limpieza AntiLag Comenzara En 1 Segundos
[10:07:53] [Server thread/INFO]: ⚡iAnti-Lagi⚡  Limpiando Server...
[10:34:27] [Craft Scheduler Thread - 193/INFO]: [Vault] Checking for Updates ... 
[10:34:28] [Craft Scheduler Thread - 193/INFO]: [Vault] No new version available
[11:31:08] [Server thread/INFO]: ⚡iAnti-Lagi⚡  La Limpieza AntiLag Comenzara En 5 Segundos
[11:31:09] [Server thread/INFO]: ⚡iAnti-Lagi⚡  La Limpieza AntiLag Comenzara En 4 Segundos
[11:31:10] [Server thread/INFO]: ⚡iAnti-Lagi⚡  La Limpieza AntiLag Comenzara En 3 Segundos
[11:31:11] [Server thread/INFO]: ⚡iAnti-Lagi⚡  La Limpieza AntiLag Comenzara En 2 Segundos
[11:31:12] [Server thread/INFO]: ⚡iAnti-Lagi⚡  La Limpieza AntiLag Comenzara En 1 Segundos
[11:31:13] [Server thread/INFO]: ⚡iAnti-Lagi⚡  Limpiando Server...
[12:54:28] [Server thread/INFO]: ⚡iAnti-Lagi⚡  La Limpieza AntiLag Comenzara En 5 Segundos
[12:54:29] [Server thread/INFO]: ⚡iAnti-Lagi⚡  La Limpieza AntiLag Comenzara En 4 Segundos
[12:54:30] [Server thread/INFO]: ⚡iAnti-Lagi⚡  La Limpieza AntiLag Comenzara En 3 Segundos
[12:54:31] [Server thread/INFO]: ⚡iAnti-Lagi⚡  La Limpieza AntiLag Comenzara En 2 Segundos
[12:54:32] [Server thread/INFO]: ⚡iAnti-Lagi⚡  La Limpieza AntiLag Comenzara En 1 Segundos
[12:54:33] [Server thread/INFO]: ⚡iAnti-Lagi⚡  Limpiando Server...
[13:30:41] [User Authenticator #2/INFO]: UUID of player Zekken_X is 332870ee-118b-396c-9788-3b5a1eb0c670
[13:30:43] [Server thread/INFO]: Zekken_X[/190.237.114.133:57849] logged in with entity id 8135 at ([world]-27.776732766879736, 67.0, 26.455878597473635)
[13:30:43] [Server thread/WARN]: [Essentials] Task #214754 for Essentials v2.17.1.0 generated an exception
java.lang.NullPointerException: null
	at com.earth2me.essentials.xmpp.XMPPManager.updatePresence(XMPPManager.java:146) ~[?:?]
	at com.earth2me.essentials.xmpp.EssentialsXMPP.updatePresence(EssentialsXMPP.java:113) ~[?:?]
	at org.bukkit.craftbukkit.v1_15_R1.scheduler.CraftTask.run(CraftTask.java:84) ~[spigot-1.9.jar:git-Paper-115]
	at org.bukkit.craftbukkit.v1_15_R1.scheduler.CraftScheduler.mainThreadHeartbeat(CraftScheduler.java:452) ~[spigot-1.9.jar:git-Paper-115]
	at net.minecraft.server.v1_15_R1.MinecraftServer.b(MinecraftServer.java:1185) ~[spigot-1.9.jar:git-Paper-115]
	at net.minecraft.server.v1_15_R1.DedicatedServer.b(DedicatedServer.java:430) ~[spigot-1.9.jar:git-Paper-115]
	at net.minecraft.server.v1_15_R1.MinecraftServer.a(MinecraftServer.java:1112) ~[spigot-1.9.jar:git-Paper-115]
	at net.minecraft.server.v1_15_R1.MinecraftServer.run(MinecraftServer.java:934) ~[spigot-1.9.jar:git-Paper-115]
	at java.lang.Thread.run(Thread.java:748) [?:1.8.0_242]
[13:30:43] [Craft Scheduler Thread - 258/INFO]: [NametagEdit] [DEBUG] Applying GroupTag to Zekken_X
[13:30:43] [Server thread/INFO]: [NametagEdit] [DEBUG] Trying to use MVdWPlaceholderAPI for placeholders
[13:30:43] [Server thread/WARN]: [MVdWPlaceholderAPI] There is no MVdW placeholder plugin installed!
[13:30:43] [Server thread/WARN]: [MVdWPlaceholderAPI] Put on of Maximvdw's premium placeholder plugins in the server!
[13:30:43] [Server thread/INFO]: [NametagEdit] As the error above suggests, you do NOT have any placeholder plugins installed. The placeholder API is merely an interface, it requires other plugins to function. This is NOT an issue with NametagEdit.
[13:30:43] [Server thread/INFO]: [NametagEdit] [DEBUG] Trying to use PlaceholderAPI for placeholders
[13:30:43] [Server thread/INFO]: [NametagEdit] [DEBUG] Trying to use MVdWPlaceholderAPI for placeholders
[13:30:43] [Server thread/WARN]: [MVdWPlaceholderAPI] There is no MVdW placeholder plugin installed!
[13:30:43] [Server thread/WARN]: [MVdWPlaceholderAPI] Put on of Maximvdw's premium placeholder plugins in the server!
[13:30:43] [Server thread/INFO]: [NametagEdit] As the error above suggests, you do NOT have any placeholder plugins installed. The placeholder API is merely an interface, it requires other plugins to function. This is NOT an issue with NametagEdit.
[13:30:43] [Server thread/INFO]: [NametagEdit] [DEBUG] Trying to use PlaceholderAPI for placeholders
[13:30:43] [Server thread/INFO]: [NametagEdit] [DEBUG] Created FakeTeam MHGSR_AAAA2. Size: 1
[13:30:43] [Server thread/INFO]: [NametagEdit] [DEBUG] Zekken_X has been added to team MHGSR_AAAA2
[13:30:43] [Server thread/INFO]: [NametagEdit] [DEBUG] Trying to use MVdWPlaceholderAPI for placeholders
[13:30:43] [Server thread/WARN]: [MVdWPlaceholderAPI] There is no MVdW placeholder plugin installed!
[13:30:43] [Server thread/WARN]: [MVdWPlaceholderAPI] Put on of Maximvdw's premium placeholder plugins in the server!
[13:30:43] [Server thread/INFO]: [NametagEdit] As the error above suggests, you do NOT have any placeholder plugins installed. The placeholder API is merely an interface, it requires other plugins to function. This is NOT an issue with NametagEdit.
[13:30:43] [Server thread/INFO]: [NametagEdit] [DEBUG] Trying to use PlaceholderAPI for placeholders
[13:30:43] [Server thread/INFO]: ⚠ Zekken_X Entro al servidor
[13:30:58] [Server thread/INFO]: Zekken_X issued server command: /home casa
[13:31:11] [Server thread/INFO]: Zekken_X issued server command: /fly
[13:32:18] [Server thread/INFO]: Zekken_X issued server command: /gamemode creative
[13:34:55] [Server thread/INFO]: Zekken_X issued server command: /gamemode survival
[13:41:27] [Server thread/INFO]: Zekken_X issued server command: /gamemode creative
[13:47:42] [Server thread/INFO]: Zekken_X issued server command: /gamemode survival
[13:47:54] [Server thread/INFO]: Zekken_X issued server command: /gamemode creative
[13:48:13] [Server thread/INFO]: Zekken_X issued server command: /gamemode survival
[13:48:53] [Server thread/INFO]: Zekken_X issued server command: /gamemode creative
[13:49:08] [Server thread/INFO]: Zekken_X issued server command: /gamemode survival
[13:49:11] [Server thread/INFO]: Zekken_X issued server command: /gamemode creative
[13:49:15] [Server thread/INFO]: Zekken_X issued server command: /gamemode s
[13:54:21] [Server thread/INFO]: Zekken_X issued server command: /gamemode creative
[13:54:43] [Server thread/INFO]: Zekken_X issued server command: /gamemode creative
[13:54:48] [Server thread/INFO]: Zekken_X issued server command: /gamemode survival
[13:56:49] [Server thread/INFO]: Zekken_X issued server command: /gamemode creative
[13:57:55] [Server thread/INFO]: Zekken_X issued server command: /gamemode survival
[13:58:04] [Server thread/INFO]: Zekken_X issued server command: /gamemode survival
[13:58:04] [Server thread/INFO]: Zekken_X was slain by Ravager
[13:58:09] [Server thread/INFO]: Zekken_X issued server command: /BACK
[13:58:27] [Server thread/INFO]: Zekken_X issued server command: /gamemode creative
[13:58:46] [Server thread/INFO]: Zekken_X issued server command: /gamemode survival
[13:58:58] [Server thread/INFO]: Zekken_X issued server command: /gamemode creative
[13:59:06] [Server thread/INFO]: Zekken_X issued server command: /gamemode survival
[13:59:40] [Server thread/INFO]: Zekken_X lost connection: Disconnected
[13:59:40] [Server thread/INFO]: [NametagEdit] [DEBUG] Zekken_X was removed from MHGSR_AAAA2
[13:59:40] [Server thread/INFO]: [NametagEdit] [DEBUG] FakeTeam MHGSR_AAAA2 has been deleted. Size: 0
[13:59:40] [Server thread/INFO]: ⚡ Zekken_X Salio del servidor
[13:59:40] [Server thread/WARN]: [Essentials] Task #226388 for Essentials v2.17.1.0 generated an exception
java.lang.NullPointerException: null
	at com.earth2me.essentials.xmpp.XMPPManager.updatePresence(XMPPManager.java:142) ~[?:?]
	at com.earth2me.essentials.xmpp.EssentialsXMPP.updatePresence(EssentialsXMPP.java:113) ~[?:?]
	at org.bukkit.craftbukkit.v1_15_R1.scheduler.CraftTask.run(CraftTask.java:84) ~[spigot-1.9.jar:git-Paper-115]
	at org.bukkit.craftbukkit.v1_15_R1.scheduler.CraftScheduler.mainThreadHeartbeat(CraftScheduler.java:452) ~[spigot-1.9.jar:git-Paper-115]
	at net.minecraft.server.v1_15_R1.MinecraftServer.b(MinecraftServer.java:1185) ~[spigot-1.9.jar:git-Paper-115]
	at net.minecraft.server.v1_15_R1.DedicatedServer.b(DedicatedServer.java:430) ~[spigot-1.9.jar:git-Paper-115]
	at net.minecraft.server.v1_15_R1.MinecraftServer.a(MinecraftServer.java:1112) ~[spigot-1.9.jar:git-Paper-115]
	at net.minecraft.server.v1_15_R1.MinecraftServer.run(MinecraftServer.java:934) ~[spigot-1.9.jar:git-Paper-115]
	at java.lang.Thread.run(Thread.java:748) [?:1.8.0_242]
[14:17:48] [Server thread/INFO]: ⚡iAnti-Lagi⚡  La Limpieza AntiLag Comenzara En 5 Segundos
[14:17:49] [Server thread/INFO]: ⚡iAnti-Lagi⚡  La Limpieza AntiLag Comenzara En 4 Segundos
[14:17:50] [Server thread/INFO]: ⚡iAnti-Lagi⚡  La Limpieza AntiLag Comenzara En 3 Segundos
[14:17:51] [Server thread/INFO]: ⚡iAnti-Lagi⚡  La Limpieza AntiLag Comenzara En 2 Segundos
[14:17:52] [Server thread/INFO]: ⚡iAnti-Lagi⚡  La Limpieza AntiLag Comenzara En 1 Segundos
[14:17:53] [Server thread/INFO]: ⚡iAnti-Lagi⚡  Limpiando Server...
[14:29:32] [Server thread/INFO]: CONSOLE issued server command: /list 
[14:29:32] [Server thread/INFO]: (!) Hay 0 jugadores de un máximo de 200 jugadores en linea..
[14:29:35] [Server thread/INFO]: Stopping the server
[14:29:36] [Server thread/INFO]: Stopping server
[14:29:36] [Server thread/INFO]: [PvPManager] Disabling PvPManager v3.6
[14:29:36] [Server thread/INFO]: [EssentialsSpawn] Disabling EssentialsSpawn v2.17.1.0
[14:29:36] [Server thread/INFO]: [RandomTeleport] [32m[RandomTeleport] Disabling RandomTeleport v7.9.2[0m
[14:29:36] [Server thread/INFO]: [RandomTeleport] [32m[RandomTeleport] RandomTeleport version 7.9.2 is Disabled[0m
[14:29:36] [Server thread/INFO]: [EssentialsAntiBuild] Disabling EssentialsAntiBuild v2.17.1.0
[14:29:36] [Server thread/INFO]: [EssentialsChat] Disabling EssentialsChat v2.17.1.0
[14:29:36] [Server thread/INFO]: [EssentialsProtect] Disabling EssentialsProtect v2.17.1.0
[14:29:36] [Server thread/INFO]: [ChestCommands] Disabling ChestCommands v3.2.0
[14:29:36] [Server thread/INFO]: [LockettePro] Disabling LockettePro v2.9.10
[14:29:36] [Server thread/INFO]: [EssentialsXMPP] Disabling EssentialsXMPP v2.17.1.0
[14:29:36] [Server thread/INFO]: [KarenProtect] Disabling KarenProtect v1.5.9
[14:29:36] [Server thread/INFO]: [HolographicDisplays] Disabling HolographicDisplays v2.4.1
[14:29:36] [Server thread/INFO]: [Announcer] Disabling Announcer v1.7.4
[14:29:36] [Server thread/INFO]: Announcer v1.7.4 is disabled!

[14:29:36] [Server thread/INFO]: [Matrix] Disabling Matrix v4.3.5
[14:29:36] [Server thread/INFO]: [Matrix] Disabled Matrix AntiCheat.
[14:29:36] [Server thread/INFO]: [Essentials] Disabling Essentials v2.17.1.0
[14:29:36] [Server thread/INFO]: [Vault] [Vault][Economy] Essentials Economy unhooked.
[14:29:36] [Server thread/INFO]: [GameModeInventories] Disabling GameModeInventories v3.1
[14:29:36] [Server thread/INFO]: [Vault] Disabling Vault v1.7.2-b107
[14:29:36] [Server thread/INFO]: WEPIF: PermissionsEx detected! Using PermissionsEx for permissions.
[14:29:36] [Server thread/INFO]: [ClansChatAddon] Disabling ClansChatAddon v0.0.5
[14:29:36] [Server thread/INFO]: [PermissionsEx] Disabling PermissionsEx v1.23.4
[14:29:36] [Server thread/INFO]: WEPIF: PermissionsEx detected! Using PermissionsEx for permissions.
[14:29:36] [Server thread/INFO]: [AntiVPN] Disabling AntiVPN v5.11.37
[14:29:44] [Server thread/INFO]: [Anti-VPN] Disabled
[14:29:44] [Server thread/INFO]: [CraftEnhance] Disabling CraftEnhance v2.3.4
[14:29:44] [Server thread/INFO]: [EditableSign] [32m[EditableSign] Disabling EditableSign v7.0.4[0m
[14:29:44] [Server thread/INFO]: [EditableSign] [32m[EditableSign] EditableSign version 7.0.4 is Disabled[0m
[14:29:44] [Server thread/INFO]: [sleep-most] Disabling sleep-most v3.6.1
[14:29:44] [Server thread/INFO]: [UberEnchant] Disabling UberEnchant v8.6
[14:29:44] [Server thread/INFO]: [MVdWPlaceholderAPI] Disabling MVdWPlaceholderAPI v2.5.1
[14:29:44] [Server thread/INFO]: [SkinsRestorer] Disabling SkinsRestorer v13.7.5
[14:29:44] [Server thread/INFO]: [Multiverse-Core] Disabling Multiverse-Core v2.5-b719
[14:29:44] [Server thread/INFO]: [Clans] Disabling Clans v0.4.0
[14:29:44] [Server thread/INFO]: [ProtocolLib] Disabling ProtocolLib v4.5.0
[14:29:44] [Server thread/INFO]: [WorldGuard] Disabling WorldGuard v7.0.2-SNAPSHOT;bf2593e
[14:29:44] [Server thread/INFO]: [WorldGuard] Shutting down executor and cancelling any pending tasks...
[14:29:44] [Server thread/INFO]: [CommandSpy] Disabling CommandSpy v2.0
[14:29:44] [Server thread/INFO]: [NametagEdit] Disabling NametagEdit v4.4.6
[14:29:44] [Server thread/INFO]: [PlugMan] Disabling PlugMan v2.1.7
[14:29:44] [Server thread/INFO]: [MineableSpawners] Disabling MineableSpawners v2.0.8
[14:29:44] [Server thread/INFO]: [PlaceholderAPI] Disabling PlaceholderAPI v2.10.4
[14:29:44] [Server thread/INFO]: [LoginSecurity] Disabling LoginSecurity v2.1.9
[14:29:44] [Server thread/INFO]: [LoginSecurity] Waiting for queued tasks...
[14:29:44] [Server thread/INFO]: [LoginSecurity] ExecutorService shut down, ready to disable.
[14:29:44] [Server thread/INFO]: [AntiLag] Disabling AntiLag v2.0
[14:29:44] [Server thread/INFO]: [AntiCreeper] Disabling AntiCreeper v5.0
[14:29:44] [Server thread/INFO]: [WorldEdit] Disabling WorldEdit v7.1.0;8e55131
[14:29:44] [Server thread/INFO]: Unregistering com.sk89q.worldedit.bukkit.BukkitServerInterface from WorldEdit
[14:29:44] [Server thread/INFO]: [AnimationLib] Disabling AnimationLib v1.7.0
[14:29:44] [Server thread/INFO]: [TigerReports] Disabling TigerReports v4.9.11
[14:29:44] [Server thread/INFO]: Saving players
[14:29:44] [Server thread/INFO]: Saving worlds
[14:29:44] [Server thread/INFO]: Saving chunks for level 'world'/minecraft:overworld
[14:29:44] [Server thread/INFO]: ThreadedAnvilChunkStorage (world): All chunks are saved
[14:29:44] [Server thread/INFO]: Saving chunks for level 'world_nether'/minecraft:the_nether
[14:29:44] [Server thread/INFO]: ThreadedAnvilChunkStorage (DIM-1): All chunks are saved
[14:29:44] [Server thread/INFO]: Saving chunks for level 'world_the_end'/minecraft:the_end
[14:29:44] [Server thread/INFO]: ThreadedAnvilChunkStorage (DIM1): All chunks are saved
[14:29:44] [Server thread/INFO]: Saving chunks for level 'warps'/minecraft:warps
[14:29:44] [Server thread/INFO]: ThreadedAnvilChunkStorage (warps): All chunks are saved
[14:29:44] [Server thread/INFO]: Saving chunks for level 'tiendas'/minecraft:tiendas
[14:29:44] [Server thread/INFO]: ThreadedAnvilChunkStorage (tiendas): All chunks are saved
[14:29:44] [Server thread/INFO]: ThreadedAnvilChunkStorage (world): All chunks are saved
[14:29:45] [Server thread/INFO]: ThreadedAnvilChunkStorage (DIM-1): All chunks are saved
[14:29:45] [Server thread/INFO]: ThreadedAnvilChunkStorage (DIM1): All chunks are saved
[14:29:45] [Server thread/INFO]: ThreadedAnvilChunkStorage (warps): All chunks are saved
[14:29:45] [Server thread/INFO]: ThreadedAnvilChunkStorage (tiendas): All chunks are saved
